WARNING:absl:No GPU/TPU found, falling back to CPU. (Set TF_CPP_MIN_LOG_LEVEL=0 and rerun for more info.)
Evaluating dataset ds_d2_e01_seed1
Fitting ......................................................................................................................................................
Fitting ......................................................................................................................................................
Fitting ......................................................................................................................................................
Fitting ......................................................................................................................................................
Fitting ......................................................................................................................................................
Fitting ......................................................................................................................................................
Fitting ......................................................................................................................................................
Fitting ......................................................................................................................................................
Fitting ......................................................................................................................................................
Fitting ......................................................................................................................................................
Fitting ......................................................................................................................................................
Fitting ......................................................................................................................................................
Fitting ......................................................................................................................................................
Fitting ......................................................................................................................................................
Fitting ......................................................................................................................................................
Fitting ......................................................................................................................................................
Fitting ......................................................................................................................................................
Fitting ......................................................................................................................................................
Fitting ......................................................................................................................................................
Fitting ......................................................................................................................................................
Predicting ...
Predicting ...
Predicting ...
Predicting ...
Predicting ...
Predicting ...
Predicting ...
Predicting ...
Predicting ...
Predicting ...
Predicting ...
Predicting ...
Predicting ...
Predicting ...
Predicting ...
Predicting ...
Predicting ...
Predicting ...
Predicting ...
Predicting ...
Predicting ...
Predicting ...
Predicting ...
Predicting ...
Predicting ...
Predicting ...
Predicting ...
Predicting ...
Predicting ...
Predicting ...
Predicting ...
Predicting ...
Predicting ...
Predicting ...
Predicting ...
Predicting ...
Predicting ...
Predicting ...
Predicting ...
Predicting ...
[{'max_features': 0.5, 'max_samples': 0.2, 'varform': 'hardware_efficient', 'layers': 10, 'bagging_mse': 0.058678552360177515, 'bagging_estimators_mse': [0.13387193083897408, 0.0973423296885921, 0.15305560192540799, 0.13582198192332165, 0.07504304778591347, 0.043004172671517085, 0.05596068098262652, 0.09078720716947583, 0.10881497023143374, 0.1082021201631728, 0.1509380999423031, 0.016832080968550975, 0.08740808293210794, 0.05126409765808097, 0.13372254544982987, 0.08684053876561232, 0.13436328327450348, 0.088749399003178, 0.027716737479623534, 0.14621640696664973], 'bagging_estimators_params': [[-0.19720928370952606, -0.5990907549858093, -1.316935420036316, -0.038998670876026154, -0.445544570684433, 0.39796701073646545, -0.9078425765037537, -0.38111045956611633, -0.19385302066802979, 1.5372109413146973, -1.577003836631775, -0.5858731865882874, 0.005740586668252945, 0.17515429854393005, 1.4208221435546875, 0.23591114580631256, -0.8654049634933472, -1.8255398273468018, -2.131118059158325, -0.7045121192932129], [-0.029532112181186676, -0.5523573756217957, -1.1302950382232666, 0.040435660630464554, -0.3021097779273987, 0.4059267044067383, -0.8941839337348938, -0.43595701456069946, -0.049215711653232574, 1.4733551740646362, -1.632340431213379, -0.7321895956993103, -0.051942646503448486, 0.06929745525121689, 1.381005883216858, 0.09211564809083939, -0.9257697463035583, -1.9607256650924683, -2.2593441009521484, -0.7581567764282227], [-0.23058637976646423, -0.6440466046333313, -1.3609890937805176, -0.06056817248463631, -0.49802589416503906, 0.38730567693710327, -0.89411860704422, -0.3629818558692932, -0.2849660813808441, 1.5553932189941406, -1.5240716934204102, -0.445761501789093, 0.0448010079562664, 0.26967546343803406, 1.4533172845840454, 0.2345268875360489, -0.8368970155715942, -1.7727487087249756, -2.115178108215332, -0.6804326176643372], [-0.14162950217723846, -0.5699917674064636, -1.2749780416488647, 0.07376492768526077, -0.40977340936660767, 0.4580419957637787, -0.9020088315010071, -0.38943132758140564, -0.161851167678833, 1.5297836065292358, -1.6230123043060303, -0.6681627631187439, -0.01155837532132864, 0.11084553599357605, 1.427093505859375, 0.21371133625507355, -0.8685335516929626, -1.8719024658203125, -2.1359047889709473, -0.6824225783348083], [-0.21393811702728271, -0.6680741906166077, -1.2534037828445435, -0.21563632786273956, -0.4196087121963501, 0.3228372633457184, -0.8558244109153748, -0.3651711642742157, -0.22359921038150787, 1.5444706678390503, -1.487905740737915, -0.5376219749450684, 0.036743901669979095, 0.19467520713806152, 1.4267127513885498, 0.20340579748153687, -0.8550883531570435, -1.8430286645889282, -2.163114070892334, -0.7016894221305847], [-0.14070545136928558, -0.6364948749542236, -1.151491641998291, -0.4024932086467743, -0.33436280488967896, 0.2022833228111267, -0.8227705955505371, -0.4263341426849365, -0.1931544542312622, 1.4996651411056519, -1.4809268712997437, -0.6808737516403198, 0.015596787445247173, 0.09006523340940475, 1.4419975280761719, 0.12058056145906448, -0.8464553356170654, -1.946359395980835, -2.2260239124298096, -0.6561673879623413], [-0.2635887861251831, -0.7057923078536987, -1.2151603698730469, -0.3679367005825043, -0.423610657453537, 0.297421932220459, -0.8170664310455322, -0.34892159700393677, -0.23636497557163239, 1.5625346899032593, -1.425316333770752, -0.5154317021369934, 0.06240822747349739, 0.19851213693618774, 1.4455243349075317, 0.20844359695911407, -0.833968460559845, -1.8443902730941772, -2.1546478271484375, -0.6684664487838745], [-0.18310397863388062, -0.6265337467193604, -1.301486611366272, -0.0820019468665123, -0.43405812978744507, 0.37340155243873596, -0.9028394222259521, -0.37458160519599915, -0.2201734483242035, 1.5333846807479858, -1.5705233812332153, -0.5696460008621216, 0.001038113608956337, 0.1876654028892517, 1.3965011835098267, 0.22366222739219666, -0.8856969475746155, -1.8224719762802124, -2.152099370956421, -0.7435194253921509], [-0.21051707863807678, -0.6457113027572632, -1.2446074485778809, -0.2774427831172943, -0.4094477891921997, 0.30540862679481506, -0.8659895062446594, -0.379971981048584, -0.20116429030895233, 1.5378714799880981, -1.5040526390075684, -0.5871698260307312, 0.028618626296520233, 0.1644267439842224, 1.4328819513320923, 0.20981943607330322, -0.8493320941925049, -1.8551439046859741, -2.156280517578125, -0.6913087368011475], [-0.06925591081380844, -0.5320535898208618, -1.2361258268356323, 0.24000321328639984, -0.36596930027008057, 0.5338159799575806, -0.9089515805244446, -0.40155237913131714, -0.06823660433292389, 1.5156046152114868, -1.6599892377853394, -0.7250602841377258, -0.028962748125195503, 0.0691923201084137, 1.4215699434280396, 0.16485190391540527, -0.8827141523361206, -1.9242546558380127, -2.180446147918701, -0.7006712555885315], [-0.2352498471736908, -0.6760507822036743, -1.3343729972839355, -0.10771544277667999, -0.49848324060440063, 0.38240888714790344, -0.883100152015686, -0.34534773230552673, -0.2826004922389984, 1.5601167678833008, -1.5189944505691528, -0.41292187571525574, 0.036049455404281616, 0.2813914716243744, 1.425486445426941, 0.21603330969810486, -0.8596408367156982, -1.795077919960022, -2.142008066177368, -0.6984622478485107], [-0.33509501814842224, -0.785748302936554, -1.199593186378479, -0.546425461769104, -0.4130968153476715, 0.2688351571559906, -0.6813543438911438, -0.3105275332927704, -0.2697557508945465, 1.6065500974655151, -1.285936951637268, -0.501462996006012, 0.12268723547458649, 0.1784803569316864, 1.482706904411316, 0.223897784948349, -0.7960335612297058, -1.8516658544540405, -2.126110315322876, -0.5999957919120789], [-0.2189117819070816, -0.6324102878570557, -1.3387597799301147, -0.07527220249176025, -0.4681248664855957, 0.37086790800094604, -0.9012503027915955, -0.36847984790802, -0.27613815665245056, 1.5446308851242065, -1.5376968383789062, -0.4944223463535309, 0.027738317847251892, 0.23758594691753387, 1.4271231889724731, 0.22258956730365753, -0.857679545879364, -1.8031985759735107, -2.1424694061279297, -0.7057251930236816], [-0.30502477288246155, -0.7718471884727478, -1.1783485412597656, -0.46061235666275024, -0.4041976034641266, 0.27865225076675415, -0.7128190994262695, -0.3205585777759552, -0.17356321215629578, 1.5884422063827515, -1.3165899515151978, -0.5149608254432678, 0.10766913741827011, 0.17174313962459564, 1.4714101552963257, 0.21059948205947876, -0.8079546093940735, -1.8807203769683838, -2.14074969291687, -0.6292210221290588], [-0.22223156690597534, -0.6327086687088013, -1.3251374959945679, -0.1101018637418747, -0.4753445088863373, 0.37299320101737976, -0.913950502872467, -0.3720291256904602, -0.2591925859451294, 1.5394060611724854, -1.5708999633789062, -0.5304673314094543, 0.0035249688662588596, 0.21404768526554108, 1.402940273284912, 0.23257356882095337, -0.8790155053138733, -1.7897921800613403, -2.1441309452056885, -0.7257988452911377], [-0.215366929769516, -0.6134629249572754, -1.3298912048339844, -0.06863068044185638, -0.4627395570278168, 0.3876689672470093, -0.908924400806427, -0.3759799003601074, -0.21404485404491425, 1.5405607223510742, -1.5588973760604858, -0.5482274293899536, 0.013952292501926422, 0.2013380527496338, 1.4223626852035522, 0.23432889580726624, -0.8622060418128967, -1.8087350130081177, -2.1354026794433594, -0.7056323885917664], [-0.2209949493408203, -0.618713915348053, -1.3293908834457397, -0.09133733808994293, -0.4653892517089844, 0.3773469924926758, -0.9086402058601379, -0.3759143352508545, -0.24011839926242828, 1.5404428243637085, -1.5619056224822998, -0.544043779373169, 0.011991370469331741, 0.2031320482492447, 1.4197624921798706, 0.2359885424375534, -0.8643847107887268, -1.803092122077942, -2.1355998516082764, -0.7066846489906311], [-0.16381023824214935, -0.605252742767334, -1.3203295469284058, 0.019885774701833725, -0.4510186016559601, 0.4438275992870331, -0.9353887438774109, -0.3682674467563629, -0.20139016211032867, 1.5369421243667603, -1.6334176063537598, -0.5914676189422607, -0.024975378066301346, 0.18074806034564972, 1.372593641281128, 0.25969183444976807, -0.9108818173408508, -1.8033260107040405, -2.1246590614318848, -0.7721264958381653], [-0.15551982820034027, -0.6961256861686707, -1.1210763454437256, -0.42981624603271484, -0.32426688075065613, 0.1888272911310196, -0.7989265322685242, -0.39541128277778625, -0.21989794075489044, 1.526230812072754, -1.4334386587142944, -0.6499125361442566, 0.03677578270435333, 0.10756690800189972, 1.433409333229065, 0.1454741209745407, -0.8446743488311768, -1.9362056255340576, -2.211827278137207, -0.681198239326477], [-0.08709163218736649, -0.5438330173492432, -1.2457460165023804, 0.1901138424873352, -0.3756813108921051, 0.5070199370384216, -0.9060289263725281, -0.39750176668167114, -0.08084920048713684, 1.5207332372665405, -1.6457070112228394, -0.7082511186599731, -0.023064177483320236, 0.08459249138832092, 1.4199897050857544, 0.18278715014457703, -0.8810279965400696, -1.9084635972976685, -2.164515495300293, -0.7029561400413513]]}]
Evaluating dataset ds_d2_e10_seed1
Fitting ......................................................................................................................................................
Fitting ......................................................................................................................................................
Fitting ......................................................................................................................................................
Fitting ......................................................................................................................................................
Fitting ......................................................................................................................................................
Fitting ......................................................................................................................................................
Fitting ......................................................................................................................................................
Fitting ......................................................................................................................................................
Fitting ......................................................................................................................................................
Fitting ......................................................................................................................................................
Fitting ......................................................................................................................................................
Fitting ......................................................................................................................................................
Fitting ......................................................................................................................................................
Fitting ......................................................................................................................................................
Fitting ......................................................................................................................................................
Fitting ......................................................................................................................................................
Fitting ......................................................................................................................................................
Fitting ......................................................................................................................................................
Fitting ......................................................................................................................................................
Fitting ......................................................................................................................................................
Predicting ...
Predicting ...
Predicting ...
Predicting ...
Predicting ...
Predicting ...
Predicting ...
Predicting ...
Predicting ...
Predicting ...
Predicting ...
Predicting ...
Predicting ...
Predicting ...
Predicting ...
Predicting ...
Predicting ...
Predicting ...
Predicting ...
Predicting ...
Predicting ...
Predicting ...
Predicting ...
Predicting ...
Predicting ...
Predicting ...
Predicting ...
Predicting ...
Predicting ...
Predicting ...
Predicting ...
Predicting ...
Predicting ...
Predicting ...
Predicting ...
Predicting ...
Predicting ...
Predicting ...
Predicting ...
Predicting ...
[{'max_features': 0.5, 'max_samples': 0.2, 'varform': 'hardware_efficient', 'layers': 10, 'bagging_mse': 0.13184993072193205, 'bagging_estimators_mse': [0.10555293690515147, 0.199019972962408, 0.23923802633067118, 0.12020960629831552, 0.1308122800038795, 0.2678722445787195, 0.2584249959693749, 0.1358130526260013, 0.19618278059848637, 0.21112231154917624, 0.14073986085308246, 0.24958081683906233, 0.17944685325614848, 0.11893278629353922, 0.14372677619655738, 0.2604831738733555, 0.17765302627521135, 0.1179404368018108, 0.21439242289250576, 0.11966883966323895], 'bagging_estimators_params': [[-0.3147052526473999, -0.7716466784477234, -1.167129397392273, -0.5920091271400452, -0.3038225769996643, 0.14800751209259033, -0.5876199007034302, -0.3558585047721863, -0.20359569787979126, 1.5788788795471191, -1.1873844861984253, -0.6567540168762207, 0.14550888538360596, 0.015451422892510891, 1.520176649093628, 0.18270765244960785, -0.756732165813446, -1.981882929801941, -2.153930187225342, -0.5300966501235962], [-0.12117841839790344, -0.5973113179206848, -1.4698171615600586, 0.40513721108436584, -0.6482648253440857, 0.9150458574295044, -1.3181836605072021, -0.2591671347618103, -0.6703886985778809, 1.490471363067627, -2.170610189437866, -0.3315449357032776, -0.2563018202781677, 0.46245890855789185, 1.0539085865020752, 0.220526784658432, -1.2315154075622559, -1.6112760305404663, -2.1759767532348633, -1.4359402656555176], [-0.11607406288385391, -0.6041191220283508, -1.1917120218276978, -0.1273401975631714, -0.3538072407245636, 0.3500523269176483, -0.8800007104873657, -0.40323948860168457, -0.11174706369638443, 1.5103819370269775, -1.5742461681365967, -0.6711309552192688, -0.013019139878451824, 0.11498043686151505, 1.3999660015106201, 0.17732833325862885, -0.8903785943984985, -1.9021600484848022, -2.1817727088928223, -0.7336907386779785], [-0.1041201651096344, -0.6545643210411072, -1.6215879917144775, 0.4553998112678528, -0.718876302242279, 1.240996241569519, -1.5236152410507202, -0.2083241194486618, -0.8961324691772461, 1.5213197469711304, -2.274360179901123, -0.18123644590377808, -0.2274657040834427, 0.49463021755218506, 1.1402422189712524, 0.18777792155742645, -1.1448640823364258, -1.7031294107437134, -2.1890666484832764, -1.057274341583252], [-0.390324205160141, -0.8073018193244934, -1.2364943027496338, -0.4615166485309601, -0.44874024391174316, 0.34667086601257324, -0.6124995350837708, -0.2770964205265045, -0.29804158210754395, 1.6215325593948364, -1.2974166870117188, -0.47442737221717834, 0.13276375830173492, 0.1161404624581337, 1.5069953203201294, 0.22377341985702515, -0.7820717692375183, -1.8551183938980103, -2.099653482437134, -0.5848317742347717], [-0.11939992755651474, -0.6040493845939636, -1.3999627828598022, 0.325385183095932, -0.591112494468689, 0.8314166069030762, -1.2261340618133545, -0.29053983092308044, -0.6078790426254272, 1.5155915021896362, -2.0679328441619873, -0.38850468397140503, -0.1981482058763504, 0.42675313353538513, 1.133519172668457, 0.21214117109775543, -1.1804633140563965, -1.6429048776626587, -2.1771538257598877, -1.2579443454742432], [-0.13317663967609406, -0.5983704924583435, -1.3640081882476807, 0.2820124626159668, -0.5598669648170471, 0.7167778015136719, -1.1844978332519531, -0.3148936629295349, -0.5997493267059326, 1.5179855823516846, -2.0062661170959473, -0.4030165672302246, -0.19377422332763672, 0.4203687012195587, 1.1252384185791016, 0.2147751748561859, -1.2020033597946167, -1.6411277055740356, -2.1733639240264893, -1.2560416460037231], [-0.3848590850830078, -0.8420204520225525, -1.228925108909607, -0.600088894367218, -0.43030816316604614, 0.30209866166114807, -0.5536566376686096, -0.27624037861824036, -0.28967076539993286, 1.6417455673217773, -1.1655958890914917, -0.5277251601219177, 0.19769692420959473, 0.06443233788013458, 1.5377320051193237, 0.23606012761592865, -0.7458367347717285, -1.8634792566299438, -2.08955454826355, -0.5197018980979919], [-0.11241506040096283, -0.7375999689102173, -1.4583073854446411, 0.24254925549030304, -0.6461852192878723, 1.1813337802886963, -1.2307487726211548, -0.17315571010112762, -0.7813965082168579, 1.6180331707000732, -1.7739324569702148, -0.3011152744293213, 0.035962749272584915, 0.3359595537185669, 1.4995964765548706, 0.26248568296432495, -0.8130834102630615, -1.7300082445144653, -2.0776660442352295, -0.5829393267631531], [-0.25532054901123047, -0.7958546876907349, -0.9666674733161926, -0.8226453065872192, -0.14399607479572296, -0.09719647467136383, -0.5255413055419922, -0.4501696527004242, -0.15718935430049896, 1.5111714601516724, -0.8700234293937683, -0.729867696762085, 0.21671588718891144, -0.037312183529138565, 1.6209056377410889, -0.021295374259352684, -0.6464719772338867, -2.422818422317505, -2.3428966999053955, -0.4384332597255707], [-0.16393564641475677, -0.5405571460723877, -1.4854968786239624, 0.31899040937423706, -0.6443870067596436, 0.74212247133255, -1.3391692638397217, -0.3410510718822479, -0.721244215965271, 1.4430025815963745, -2.212811231613159, -0.35321545600891113, -0.23945015668869019, 0.4038839638233185, 1.1542426347732544, 0.1455744057893753, -1.1617401838302612, -1.751604676246643, -2.2354297637939453, -1.058673620223999], [-0.39694881439208984, -0.8362289667129517, -1.148836612701416, -0.8423970937728882, -0.3064860999584198, 0.024571020156145096, -0.5038503408432007, -0.3760966360569, -0.30376797914505005, 1.598408579826355, -0.8889515399932861, -0.6166184544563293, 0.3066246509552002, -0.038005538284778595, 1.7254868745803833, 0.13575658202171326, -0.5527172684669495, -2.1108906269073486, -2.1824111938476562, -0.22023077309131622], [-0.08345141261816025, -0.7188386917114258, -1.4198538064956665, 0.3849518299102783, -0.645232081413269, 1.2836333513259888, -1.312210202217102, -0.17932453751564026, -0.6723348498344421, 1.604086995124817, -1.923717737197876, -0.31064632534980774, 0.013307112269103527, 0.4057057201862335, 1.499606728553772, 0.2865332067012787, -0.8366034030914307, -1.6786271333694458, -2.0512936115264893, -0.6335180997848511], [-0.0025591824669390917, -0.6101763248443604, -0.9721181392669678, -0.3729511499404907, -0.15844875574111938, -0.020763104781508446, -0.7446977496147156, -0.5561671257019043, -0.11657728999853134, 1.3884594440460205, -1.3897219896316528, -0.7980033755302429, -0.03793943673372269, -0.0031920091714709997, 1.3711386919021606, -0.12268773466348648, -0.9213609099388123, -2.103362560272217, -2.4521305561065674, -0.7425243854522705], [-0.1282549500465393, -0.621826708316803, -1.5308303833007812, 0.39986729621887207, -0.6913397312164307, 1.0681133270263672, -1.4281196594238281, -0.23005589842796326, -0.7537050247192383, 1.5195728540420532, -2.1681954860687256, -0.26774081587791443, -0.19101358950138092, 0.4892726540565491, 1.172116994857788, 0.20821309089660645, -1.1209890842437744, -1.6622520685195923, -2.1834890842437744, -1.120133638381958], [-0.10296766459941864, -0.6396543383598328, -1.4382145404815674, 0.3349513113498688, -0.6227848529815674, 0.9564895629882812, -1.2869632244110107, -0.23520950973033905, -0.6306302547454834, 1.5520514249801636, -2.056553602218628, -0.34951579570770264, -0.16091203689575195, 0.4602222740650177, 1.1874576807022095, 0.2360921949148178, -1.1193954944610596, -1.618809700012207, -2.1573286056518555, -1.168335199356079], [-0.2700742185115814, -0.7388097047805786, -1.1812645196914673, -0.43445348739624023, -0.4023427963256836, 0.2734560966491699, -0.7729699015617371, -0.34039306640625, -0.24289759993553162, 1.5710649490356445, -1.3808716535568237, -0.5261322259902954, 0.07547957450151443, 0.1830635964870453, 1.4486582279205322, 0.2041400671005249, -0.8288437128067017, -1.8643927574157715, -2.157275438308716, -0.6578983068466187], [-0.3626643419265747, -0.7787033319473267, -1.2064430713653564, -0.4759802520275116, -0.41887661814689636, 0.3084702491760254, -0.660271167755127, -0.302293986082077, -0.2830950617790222, 1.6064659357070923, -1.3137043714523315, -0.47494372725486755, 0.12055490165948868, 0.1617259979248047, 1.4909543991088867, 0.22438129782676697, -0.7954239249229431, -1.8496618270874023, -2.110448122024536, -0.5977410078048706], [0.19551534950733185, -0.5903947949409485, -1.5564261674880981, 0.8582046031951904, -0.6091122031211853, 1.196814775466919, -1.481123685836792, -0.3123568594455719, -1.4048911333084106, 1.256138801574707, -1.771112084388733, 0.09199163317680359, -0.13355346024036407, 0.4888645112514496, 1.4820185899734497, -0.20537066459655762, -0.7730481624603271, -2.2329094409942627, -2.568254232406616, -0.4782727360725403], [-0.1610720008611679, -0.5296300053596497, -1.5051288604736328, 0.38865968585014343, -0.6662157773971558, 0.7781659364700317, -1.380890965461731, -0.34276390075683594, -0.737876296043396, 1.401002049446106, -2.311398506164551, -0.3242296576499939, -0.2995266914367676, 0.4330723285675049, 1.0680912733078003, 0.15252168476581573, -1.2369486093521118, -1.7123181819915771, -2.230161428451538, -1.2241860628128052]]}]
Evaluating dataset ds_d4_e01_seed1
Fitting ......................................................................................................................................................
Fitting ......................................................................................................................................................
Fitting ......................................................................................................................................................
Fitting ......................................................................................................................................................
Fitting ......................................................................................................................................................
Fitting ......................................................................................................................................................
Fitting ......................................................................................................................................................
Fitting ......................................................................................................................................................
Fitting ......................................................................................................................................................
Fitting ......................................................................................................................................................
Fitting ......................................................................................................................................................
Fitting ......................................................................................................................................................
Fitting ......................................................................................................................................................
Fitting ......................................................................................................................................................
Fitting ......................................................................................................................................................
Fitting ......................................................................................................................................................
Fitting ......................................................................................................................................................
Fitting ......................................................................................................................................................
Fitting ......................................................................................................................................................
Fitting ......................................................................................................................................................
Predicting ...
Predicting ...
Predicting ...
Predicting ...
Predicting ...
Predicting ...
Predicting ...
Predicting ...
Predicting ...
Predicting ...
Predicting ...
Predicting ...
Predicting ...
Predicting ...
Predicting ...
Predicting ...
Predicting ...
Predicting ...
Predicting ...
Predicting ...
Predicting ...
Predicting ...
Predicting ...
Predicting ...
Predicting ...
Predicting ...
Predicting ...
Predicting ...
Predicting ...
Predicting ...
Predicting ...
Predicting ...
Predicting ...
Predicting ...
Predicting ...
Predicting ...
Predicting ...
Predicting ...
Predicting ...
Predicting ...
[{'max_features': 0.5, 'max_samples': 0.2, 'varform': 'hardware_efficient', 'layers': 10, 'bagging_mse': 0.17275287510589102, 'bagging_estimators_mse': [0.1938890845016853, 0.262773842354114, 0.22767308081398377, 0.17711461849450416, 0.15373320646463, 0.24469392766701537, 0.1423261247967011, 0.23912662943148363, 0.19874399638496912, 0.2529274863409685, 0.2625581330164403, 0.2261139161082433, 0.2999884005367697, 0.17437103259711442, 0.17606132034094316, 0.21677822783244813, 0.1716210942001451, 0.1659217648001611, 0.24784493766659466, 0.16301695523625567], 'bagging_estimators_params': [[1.6477282047271729, 1.514250636100769, 0.5228988528251648, 0.10240035504102707, -0.2556648850440979, 0.07914557307958603, 0.9241287112236023, 1.196048378944397, 0.43132293224334717, 0.5586521029472351, -0.023504797369241714, -0.4252614378929138, -0.5278571248054504, 0.08259085565805435, -0.24886749684810638, -0.8831510543823242, -1.58222234249115, -0.21966005861759186, -0.021855246275663376, 1.7552015781402588, 1.7659388780593872, 0.3806973397731781, 1.1957998275756836, 0.8304668068885803, 0.8846645355224609, 0.6951782703399658, 1.3353055715560913, -0.3753718137741089, -0.43037962913513184, 1.111920952796936, -0.21932512521743774, 1.7386817932128906, -0.5755230188369751, -0.6460131406784058, 0.6885236501693726, 0.9896066188812256, 1.2656198740005493, -0.3730575740337372, 0.16510388255119324, -0.12688757479190826], [1.2368780374526978, 0.7940753698348999, 0.291426420211792, -0.21834717690944672, -0.3670605719089508, 0.18772253394126892, 1.0209994316101074, 1.4138931035995483, 0.3423139154911041, 0.5771411657333374, 1.0670896768569946, -1.133312702178955, -0.9663935899734497, 0.25537624955177307, -0.08218072354793549, -1.1920173168182373, -1.6668474674224854, -0.435611754655838, -0.2585703730583191, 2.0243046283721924, 2.5276296138763428, 0.012214172631502151, 1.1326278448104858, 0.5686048865318298, 0.26193156838417053, 0.9533200263977051, 1.2050509452819824, -0.1829669028520584, -0.9261963367462158, 1.5609986782073975, 0.2190236747264862, 2.1752421855926514, -0.8408901691436768, 0.10391764342784882, 0.13505922257900238, 1.429033637046814, 1.2001341581344604, -0.4563678205013275, 0.03654271736741066, -0.0492362342774868], [1.3290122747421265, 0.7913663983345032, 0.21684043109416962, -0.12838497757911682, -0.42972588539123535, -0.243134006857872, 0.7080041766166687, 1.4142932891845703, 0.6840366721153259, -0.06486453860998154, 0.6524996757507324, -0.876565158367157, -0.38327404856681824, -0.1391640454530716, -0.24715963006019592, -0.5429770350456238, -1.5169482231140137, -0.31783291697502136, -0.16179846227169037, 1.9864501953125, 1.923719882965088, 0.5232959985733032, 1.1850396394729614, 0.6568561792373657, 0.6804947853088379, 0.6685130000114441, 1.3881019353866577, -0.6299999356269836, -0.33066582679748535, 1.5246113538742065, -0.2041793167591095, 1.9624178409576416, -0.4217296540737152, -1.0397671461105347, 0.6528027057647705, 0.8795397877693176, 1.4247500896453857, -0.4541099965572357, 0.033172689378261566, -0.20574012398719788], [1.7379599809646606, 0.9344739317893982, 0.20579078793525696, 0.11931270360946655, -0.14766140282154083, 0.24505764245986938, 0.762750506401062, 1.1953223943710327, 0.6782529354095459, 0.06081388518214226, 0.47318825125694275, -0.10283108800649643, -0.36036840081214905, 0.37924033403396606, -0.3124915063381195, -0.9662454128265381, -1.5320112705230713, -0.485258549451828, -0.011202738620340824, 2.014225482940674, 1.5841554403305054, 0.42661139369010925, 0.852177619934082, 0.9834424257278442, 0.9619094133377075, 0.5976775884628296, 1.5905674695968628, -0.5513359904289246, -0.923324465751648, 0.8716183304786682, -0.1251937597990036, 1.863949179649353, -0.6244354844093323, -0.537833571434021, 0.5559120178222656, 1.0790361166000366, 1.5480468273162842, -0.5253925919532776, -0.13133789598941803, -0.14975926280021667], [1.4981521368026733, 1.4272922277450562, -0.19502510130405426, 0.052893247455358505, -0.31991204619407654, -0.14773482084274292, 0.9951320290565491, 1.2263127565383911, 0.4230680465698242, 0.7509516477584839, -0.045031990855932236, -0.5432154536247253, -0.6779439449310303, 0.2508533000946045, -0.23965835571289062, -0.7460001707077026, -1.8682045936584473, -0.13028208911418915, -0.18305769562721252, 1.6183668375015259, 1.8242406845092773, 0.2184571623802185, 1.1680864095687866, 0.9839164614677429, 0.8074647188186646, 0.7776811122894287, 1.408044695854187, -0.6329014897346497, -0.5479520559310913, 0.7818350195884705, -0.16555660963058472, 2.065577983856201, -0.8365631103515625, -0.3527880012989044, 0.3739892244338989, 0.810404896736145, 1.4807977676391602, -0.26140686869621277, -0.10694332420825958, -0.17214693129062653], [1.9502370357513428, 1.3065112829208374, -0.2313494235277176, -0.060196612030267715, -0.7279751300811768, 0.16163654625415802, 0.7517907023429871, 1.0387969017028809, 0.4951595962047577, 0.6090366840362549, 0.45805227756500244, -0.7215459942817688, -0.8325799107551575, 0.17385679483413696, -0.461365669965744, -0.9469162821769714, -1.2105118036270142, -0.32293701171875, -0.1175214946269989, 1.6635093688964844, 1.8989766836166382, 0.39000970125198364, 0.9966963529586792, 0.7510557770729065, 0.8574219942092896, 0.5971872806549072, 1.2961550951004028, -0.309719443321228, -0.28712567687034607, 1.4326053857803345, -0.11724527180194855, 2.2613883018493652, -0.5067798495292664, -0.6556589603424072, 0.5467236042022705, 1.1601840257644653, 1.23289954662323, -0.248416930437088, 0.3890918493270874, -0.27836841344833374], [1.9210333824157715, 0.6639248728752136, -0.22188161313533783, -0.18782943487167358, -0.4572083055973053, 0.6958414316177368, 1.10102379322052, 0.30652227997779846, 0.4744122624397278, 0.7849657535552979, 0.5181236267089844, -0.9165894389152527, -0.6318699717521667, -0.08289437741041183, -0.03645700961351395, -1.2530676126480103, -1.0534532070159912, -0.10763192921876907, 0.15337349474430084, 1.9309344291687012, 2.6367380619049072, 0.04294193163514137, 1.4634093046188354, 1.13632071018219, 0.6973496079444885, 0.7306934595108032, 0.9294795989990234, -0.3957960903644562, -0.4919951856136322, 1.4301775693893433, 0.2908417284488678, 2.5293972492218018, -1.0826187133789062, 0.125940203666687, 0.18888182938098907, 1.4364128112792969, 1.1614575386047363, -0.2113301157951355, 0.17295481264591217, -0.3120245635509491], [1.4527032375335693, 1.1477631330490112, -0.8429941534996033, -0.19920291006565094, -0.7505844235420227, -0.024616891518235207, 0.9575125575065613, 1.6031087636947632, 0.27591919898986816, 0.7955089211463928, -0.2665421962738037, -0.3047921359539032, -1.1394902467727661, -0.06425555050373077, -0.17186732590198517, -1.126448392868042, -2.230833053588867, -0.2226129174232483, -0.6671149730682373, 1.927199125289917, 2.521908760070801, -0.016508888453245163, 1.1533735990524292, 0.8097136616706848, 1.1673266887664795, 0.8606898784637451, 1.189084529876709, -0.5561162233352661, -0.6865357756614685, 0.7666739821434021, 0.12734171748161316, 2.52243971824646, -0.9986299872398376, -0.27286002039909363, 0.27019202709198, 1.3066465854644775, 1.3161205053329468, -0.22845962643623352, 0.1335964947938919, -0.146880641579628], [1.5820388793945312, 1.060165286064148, -1.0639667510986328, -0.22600573301315308, -0.7283461689949036, 0.034658197313547134, 0.898192822933197, 1.2915180921554565, 0.5205765962600708, 0.8540787696838379, -0.25647950172424316, -0.5511642098426819, -0.8634240627288818, -0.23960043489933014, -0.31350138783454895, -0.772237241268158, -1.2718231678009033, -0.1168414056301117, -0.3691191077232361, 1.768195390701294, 2.30033016204834, -0.050448834896087646, 1.311460018157959, 0.9684473276138306, 0.8711466789245605, 0.7819669246673584, 1.1889387369155884, -0.6503855586051941, -0.8484335541725159, 0.9973454475402832, 0.1479533612728119, 2.667067766189575, -0.9672031998634338, -0.3282676041126251, 0.4520062506198883, 1.2157117128372192, 1.1385555267333984, -0.29133036732673645, 0.28792697191238403, -0.028347354382276535], [1.4740092754364014, 1.0499467849731445, 0.11104673892259598, -0.15201446413993835, -0.2608995735645294, -0.12402597814798355, 1.1340469121932983, 2.2076730728149414, 0.4191499948501587, 0.48937588930130005, 0.7271734476089478, -0.6514722108840942, -0.7475625276565552, -0.18458479642868042, 0.07671956717967987, -0.7461325526237488, -1.3838990926742554, -0.03053821064531803, -0.23003314435482025, 1.7579689025878906, 2.5176591873168945, 0.12734557688236237, 1.4623695611953735, 0.7147653102874756, 0.27525594830513, 0.9213922023773193, 0.9360411167144775, -0.4494532346725464, -0.6436007618904114, 1.5550975799560547, 0.32302579283714294, 2.0457866191864014, -0.8211765885353088, -0.48184728622436523, 0.46919670701026917, 1.248144507408142, 1.2130769491195679, -0.16926459968090057, 0.14077164232730865, 0.02526322938501835], [1.3793504238128662, 1.1294876337051392, 0.9126600623130798, 0.2627541720867157, -0.15560214221477509, 0.5589784979820251, 0.7996940612792969, 0.6896668076515198, 0.4695599675178528, 0.21603897213935852, 0.20696517825126648, -0.08365461230278015, -0.4818548858165741, 0.3983687460422516, -0.19729523360729218, -1.2727727890014648, -1.4601632356643677, -0.3221769332885742, 0.06278428435325623, 1.9651821851730347, 1.5528523921966553, 0.13436098396778107, 0.8495212197303772, 1.0203328132629395, 0.7572025656700134, 0.6186549067497253, 1.4935102462768555, -0.5815459489822388, -0.8916281461715698, 1.1094013452529907, 0.043304383754730225, 2.1168408393859863, -0.8256943821907043, -0.4673311114311218, 0.3360901474952698, 1.1783032417297363, 1.5509920120239258, -0.4171203076839447, 0.15946058928966522, 0.1305791735649109], [1.5552808046340942, 1.0767382383346558, 0.6659690737724304, -0.14043240249156952, -0.3457994759082794, 0.43156278133392334, 0.9412987232208252, 0.9914563894271851, 0.41307443380355835, 0.1710655689239502, 0.44404667615890503, -0.5405794978141785, -0.5883067846298218, 0.10938549786806107, 0.0015282246749848127, -0.6471824645996094, -1.567097783088684, -0.22750641405582428, -0.27476537227630615, 1.908753514289856, 1.9645322561264038, 0.34323152899742126, 1.1820480823516846, 0.9988195300102234, 0.5334121584892273, 0.8989213705062866, 1.3761968612670898, -0.6136113405227661, -0.3947281241416931, 1.2171523571014404, 0.1486394852399826, 1.750556230545044, -0.6665447354316711, -0.6796137690544128, 0.23005323112010956, 0.9710405468940735, 1.5003366470336914, -0.285044401884079, 0.3305415213108063, -0.3594868779182434], [1.8702551126480103, 1.0893805027008057, -0.17102862894535065, -0.2839740514755249, -0.642147421836853, 0.09466716647148132, 1.1250141859054565, 1.586438536643982, 0.27958908677101135, 0.6061723232269287, 0.054453469812870026, -0.891450822353363, -0.9160032272338867, 0.27763813734054565, -0.15014797449111938, -0.4402552843093872, -1.169714093208313, -0.20127978920936584, -0.3265208601951599, 1.7724210023880005, 2.05458664894104, 0.08128622174263, 1.3988265991210938, 0.5644087791442871, 0.5743235349655151, 0.8999279141426086, 1.19232177734375, -0.1639431267976761, -0.2497638612985611, 1.5712612867355347, 0.08106730878353119, 2.338447093963623, -0.7787872552871704, -0.6740803122520447, 0.17601850628852844, 1.3463114500045776, 1.344700574874878, -0.22999045252799988, 0.2865701913833618, -0.5530495643615723], [1.4415690898895264, 1.0794466733932495, 0.37410154938697815, 0.15399694442749023, -0.2189328968524933, 0.41408398747444153, 0.9244466423988342, 1.153188705444336, 0.3944498598575592, 0.26229721307754517, 0.5722435712814331, -0.19397218525409698, -0.511355996131897, 0.3140835165977478, -0.14074856042861938, -1.1354548931121826, -1.6309605836868286, -0.21412327885627747, -0.04084666818380356, 1.9875855445861816, 1.8085163831710815, 0.3054499626159668, 0.9628134369850159, 0.8700706958770752, 0.7683659791946411, 0.7447820901870728, 1.3969718217849731, -0.5235251188278198, -0.5618163347244263, 1.1589288711547852, 0.06632675975561142, 1.8764835596084595, -0.6910186409950256, -0.6320759057998657, 0.46782416105270386, 1.171272873878479, 1.4185794591903687, -0.3523733913898468, 0.2868615388870239, -0.455200731754303], [1.8934283256530762, 1.1661428213119507, 0.03089933469891548, 0.024466317147016525, -0.2434612363576889, 0.06031171232461929, 0.8091961145401001, 1.0780105590820312, 0.5273467898368835, 0.16739007830619812, 1.0872076749801636, -0.3902038633823395, -0.4543960690498352, -0.09186915308237076, -0.3180462121963501, -1.0431972742080688, -1.5281412601470947, -0.5965920686721802, 0.02831762284040451, 1.877921462059021, 1.979682207107544, 0.5678113102912903, 1.268341302871704, 0.8116127848625183, 0.826350212097168, 0.7074856758117676, 1.4040149450302124, -0.36724573373794556, -0.6846135258674622, 1.1077684164047241, 0.0065643624402582645, 1.8755531311035156, -0.24964196979999542, -0.7715466022491455, 0.5510796308517456, 1.2096166610717773, 1.4007238149642944, -0.678817868232727, 0.41935309767723083, -0.15179142355918884], [1.9918460845947266, 0.9413431286811829, -0.3387469947338104, -0.09434143453836441, -0.6324014663696289, -0.06114190071821213, 0.8787481784820557, 1.289089322090149, 0.5032094717025757, 0.6244217157363892, 0.616344153881073, -0.8381178975105286, -0.6969691514968872, -0.04964226484298706, -0.3503512442111969, -0.9780155420303345, -1.466631293296814, -0.36119601130485535, -0.3060227334499359, 1.9031288623809814, 1.9666798114776611, 0.3394649028778076, 1.0976371765136719, 0.6718320250511169, 0.6388179659843445, 0.6866133213043213, 1.2007750272750854, -0.6025819778442383, -0.45345988869667053, 1.4959713220596313, 0.07628355920314789, 2.313206672668457, -0.5617194175720215, -0.566024124622345, 0.3881489634513855, 1.1966389417648315, 1.3387587070465088, -0.4668605327606201, -0.1327407956123352, -0.019361449405550957], [1.5076560974121094, 1.2118126153945923, 0.6221377849578857, 0.1146073117852211, -0.27002623677253723, 0.35444313287734985, 1.0585179328918457, 1.094435214996338, 0.526833176612854, 0.43556058406829834, 0.27173155546188354, -0.1536613255739212, -0.599574863910675, 0.5791458487510681, -0.06623052060604095, -0.8158155083656311, -1.4653867483139038, -0.28143492341041565, 0.001258766744285822, 2.2168962955474854, 1.6581902503967285, 0.20435136556625366, 1.0003674030303955, 0.8772785663604736, 0.6971560716629028, 0.8236633539199829, 1.3344281911849976, -0.5761269927024841, -0.8978466391563416, 1.108939528465271, 0.1728099286556244, 2.045950412750244, -0.8030999898910522, -0.413002610206604, 0.2944830358028412, 1.1250919103622437, 1.4132944345474243, -0.35984697937965393, 0.31539249420166016, 0.01709308847784996], [1.5127122402191162, 1.2139955759048462, 0.28502345085144043, 0.0753706768155098, -0.10553999990224838, 0.35229796171188354, 0.9902008175849915, 1.2368357181549072, 0.5304727554321289, 0.07175850123167038, 0.4567117691040039, -0.28074875473976135, -0.41065818071365356, 0.09831593930721283, -0.1341996192932129, -0.9210688471794128, -1.6023558378219604, -0.38151198625564575, -0.042891182005405426, 1.8041279315948486, 1.7753286361694336, 0.5084688067436218, 1.0270668268203735, 0.9326700568199158, 0.8309974074363708, 0.7740878462791443, 1.5104854106903076, -0.4185866713523865, -0.8247215151786804, 1.0130444765090942, -0.09976911544799805, 1.6594452857971191, -0.5785192251205444, -0.6415894627571106, 0.4820214807987213, 1.0519133806228638, 1.4690208435058594, -0.4489341676235199, 0.18416985869407654, -0.17276522517204285], [1.7213635444641113, 1.4380362033843994, 0.22445642948150635, 0.07625117897987366, -0.3106154203414917, -0.053747449070215225, 1.0068873167037964, 1.264494776725769, 0.4774884283542633, 0.606756865978241, 0.4574928879737854, -0.5918155908584595, -0.5966616272926331, 0.08019571751356125, -0.0588066466152668, -0.6183418035507202, -1.4403393268585205, -0.2680341601371765, 0.06898729503154755, 1.7646772861480713, 1.9210469722747803, 0.3943321108818054, 1.0773509740829468, 0.9887177348136902, 0.6859211325645447, 0.8180990815162659, 1.1192682981491089, -0.3458757996559143, -0.6071534752845764, 1.315749168395996, -0.05437452346086502, 1.8013392686843872, -0.4757601022720337, -0.7366880178451538, 0.6082852482795715, 1.1940840482711792, 1.2637794017791748, -0.3733735680580139, 0.3618656098842621, -0.07987859100103378], [1.3252241611480713, 1.3610045909881592, 0.1795530915260315, -0.2557879388332367, -0.22534480690956116, -0.036958832293748856, 0.7791119813919067, 1.3748235702514648, 0.5201860666275024, 0.35698097944259644, 0.5953260064125061, -0.49575260281562805, -0.434248149394989, 0.10893849283456802, -0.13429895043373108, -0.5390293598175049, -1.6209651231765747, -0.164934441447258, -0.07524974644184113, 1.872170329093933, 1.8087425231933594, 0.41310542821884155, 1.440248727798462, 0.785374641418457, 0.8604056239128113, 0.6884560585021973, 1.2894461154937744, -0.6201418042182922, -0.2970800995826721, 1.3345235586166382, -0.13747873902320862, 1.9849190711975098, -0.6171907782554626, -0.9281243085861206, 0.5103868246078491, 0.8260977864265442, 1.3555073738098145, -0.21187809109687805, 0.2157723307609558, -0.4647335112094879]]}]
Evaluating dataset ds_d4_e10_seed1
Fitting ......................................................................................................................................................
Fitting ......................................................................................................................................................
Fitting ......................................................................................................................................................
Fitting ......................................................................................................................................................
Fitting ......................................................................................................................................................
Fitting ......................................................................................................................................................
Fitting ......................................................................................................................................................
Fitting ......................................................................................................................................................
Fitting ......................................................................................................................................................
Fitting ......................................................................................................................................................
Fitting ......................................................................................................................................................
Fitting ......................................................................................................................................................
Fitting ......................................................................................................................................................
Fitting ......................................................................................................................................................
Fitting ......................................................................................................................................................
Fitting ......................................................................................................................................................
Fitting ......................................................................................................................................................
Fitting ......................................................................................................................................................
Fitting ......................................................................................................................................................
Fitting ......................................................................................................................................................
Predicting ...
Predicting ...
Predicting ...
Predicting ...
Predicting ...
Predicting ...
Predicting ...
Predicting ...
Predicting ...
Predicting ...
Predicting ...
Predicting ...
Predicting ...
Predicting ...
Predicting ...
Predicting ...
Predicting ...
Predicting ...
Predicting ...
Predicting ...
Predicting ...
Predicting ...
Predicting ...
Predicting ...
Predicting ...
Predicting ...
Predicting ...
Predicting ...
Predicting ...
Predicting ...
Predicting ...
Predicting ...
Predicting ...
Predicting ...
Predicting ...
Predicting ...
Predicting ...
Predicting ...
Predicting ...
Predicting ...
[{'max_features': 0.5, 'max_samples': 0.2, 'varform': 'hardware_efficient', 'layers': 10, 'bagging_mse': 0.26648005407542447, 'bagging_estimators_mse': [0.205034655872733, 0.36422508872834763, 0.4152808148556742, 0.19794264680777116, 0.37337114647162706, 0.22131427702792308, 0.27948752268263743, 0.39503234248590935, 0.32417071113293444, 0.28739459187038846, 0.2398131533831928, 0.3908651739310551, 0.3963247013308285, 0.4123058984895858, 0.3359661128312774, 0.1778882378175861, 0.31503721825182607, 0.35411275145353827, 0.40278178440322904, 0.20231909749387472], 'bagging_estimators_params': [[1.4701287746429443, 0.19998003542423248, -0.1269417107105255, 0.1122722327709198, -0.29983967542648315, 0.41439124941825867, 0.7908675670623779, 0.9296796321868896, 0.6130309104919434, 0.5128132104873657, 0.2178182154893875, -0.6226716041564941, -0.5420352816581726, 0.32353726029396057, -0.3040298521518707, -1.2220097780227661, -1.2952361106872559, -0.20495234429836273, -0.10184534639120102, 1.5457346439361572, 1.8947983980178833, -0.06981826573610306, 1.0648348331451416, 0.9789736270904541, 0.9832162857055664, 0.6534566283226013, 1.4547425508499146, -0.7178058624267578, -0.6776593327522278, 1.0791418552398682, 0.05576780065894127, 2.112950325012207, -1.0273776054382324, 0.022621672600507736, 0.41815418004989624, 1.0457720756530762, 1.3995606899261475, -0.3387170135974884, 0.30301666259765625, 0.04501354321837425], [1.1877280473709106, 1.169814944267273, 0.3441213369369507, 0.238254576921463, -0.06705931574106216, 0.42140430212020874, 0.7763541340827942, 0.6888969540596008, 0.5637256503105164, 0.07515177875757217, -0.024729562923312187, 0.0007322748424485326, -0.44179487228393555, 0.012184822000563145, -0.3685244917869568, -1.2711248397827148, -1.4091713428497314, -0.4754626452922821, 0.08127039670944214, 2.1264848709106445, 1.3295111656188965, 0.1240956112742424, 1.078158974647522, 0.928589403629303, 1.0070644617080688, 0.5671084523200989, 1.5615588426589966, -0.34728604555130005, -0.9446414709091187, 0.6880508065223694, -0.022464988753199577, 2.044833183288574, -0.643732488155365, -0.35500049591064453, 0.5826222896575928, 1.0921577215194702, 1.5439330339431763, -0.38906311988830566, 0.34117522835731506, -0.4150274395942688], [2.1481778621673584, 1.3593565225601196, -0.8001822233200073, -0.3519538640975952, -0.10181720554828644, 0.20422431826591492, 0.6165897846221924, 0.9067040681838989, 0.9396497011184692, 0.6891207098960876, -0.32919710874557495, -0.8478617668151855, -0.5065045356750488, -0.353595495223999, -0.5465192794799805, -1.0674419403076172, -1.3717608451843262, -0.4126209020614624, -0.5725958347320557, 1.5789117813110352, 2.2348434925079346, 0.40952616930007935, 1.4965486526489258, 0.8722209930419922, 1.423524022102356, 0.4387110471725464, 1.2437520027160645, -0.9486348628997803, -0.8410198092460632, 0.9942054748535156, 0.10198832303285599, 2.4644012451171875, -0.5137086510658264, -0.6580262184143066, 0.24105608463287354, 0.8061773777008057, 1.3234443664550781, -0.6155118346214294, 0.005855940748006105, 0.4129953980445862], [1.6947760581970215, 1.1065380573272705, -0.9197351932525635, 0.08009559661149979, -0.16122661530971527, -0.29643675684928894, 0.754371166229248, 1.041149616241455, 0.6526127457618713, 0.2932637929916382, -0.17218796908855438, -0.2027691900730133, -0.5738990306854248, -0.029710564762353897, -0.28532424569129944, -1.2183371782302856, -1.4925388097763062, -0.357988178730011, -0.15379147231578827, 1.9052680730819702, 1.3464049100875854, 0.21652165055274963, 1.2736715078353882, 0.891768753528595, 1.0001307725906372, 0.6504581570625305, 1.4823633432388306, -0.7431549429893494, -0.9606608152389526, 1.0047589540481567, -0.006740695796906948, 2.0046944618225098, -0.7167211771011353, -0.3434285819530487, 0.37628501653671265, 0.978257417678833, 1.498441219329834, -0.41726353764533997, 0.41269806027412415, -0.2677777111530304], [1.480468511581421, 1.2055130004882812, 0.34301578998565674, 0.04531390592455864, -0.3152260482311249, 0.25275012850761414, 0.8479790091514587, 0.6864373683929443, 0.3246321380138397, 0.2878292202949524, 0.14765630662441254, -0.1465657353401184, -0.580859899520874, 0.5693250298500061, -0.22361835837364197, -1.587604284286499, -1.2464556694030762, -0.3813675343990326, 0.07095273584127426, 2.3666834831237793, 1.5122859477996826, 0.26463496685028076, 0.8672922849655151, 1.0350515842437744, 0.7785342335700989, 0.6335552334785461, 1.5816797018051147, -0.4061838984489441, -0.905375063419342, 1.2336978912353516, 0.11901603639125824, 1.899433970451355, -0.5195142030715942, -0.34860560297966003, 0.3747577667236328, 1.4346365928649902, 1.5607637166976929, -0.42861872911453247, 0.5762096643447876, -0.2588024139404297], [1.5839293003082275, -0.12808141112327576, -0.5147220492362976, 0.25342950224876404, -0.24892674386501312, 0.04733632877469063, 0.7176485657691956, 1.0496331453323364, 0.7025514245033264, 0.5854945778846741, 0.32977303862571716, -0.5017812252044678, -0.5410876870155334, 0.07863962650299072, -0.2796950936317444, -1.217392921447754, -1.5282212495803833, -0.185324564576149, -0.008452058769762516, 1.6849867105484009, 1.8851814270019531, 0.06001554802060127, 1.107598900794983, 1.096152901649475, 0.9943943023681641, 0.6381534337997437, 1.566868782043457, -0.7678720951080322, -0.8282479047775269, 1.0650821924209595, 0.010673214681446552, 2.1527884006500244, -0.9609270691871643, -0.33367928862571716, 0.37575533986091614, 1.0055805444717407, 1.4722330570220947, -0.4150782823562622, 0.0971386507153511, 0.18625527620315552], [1.5535905361175537, 1.1123946905136108, 0.16077780723571777, 0.15233775973320007, -0.11397182196378708, 0.259736031293869, 0.7375249266624451, 1.2599157094955444, 0.6394494771957397, 0.10166856646537781, 0.020551426336169243, -0.1927662044763565, -0.40652215480804443, 0.05351266264915466, -0.3029828369617462, -0.8083749413490295, -1.607578158378601, -0.2948421239852905, -0.03217894956469536, 1.9155632257461548, 1.7568966150283813, 0.38748884201049805, 1.1440123319625854, 0.9786931276321411, 0.972604513168335, 0.6065825819969177, 1.4372024536132812, -0.6828556060791016, -0.6853920817375183, 0.8112514615058899, -0.3255179822444916, 1.8173787593841553, -0.5806552767753601, -0.8008756041526794, 0.5947974920272827, 0.7355022430419922, 1.4955390691757202, -0.3738282024860382, 0.5062872171401978, -0.14522776007652283], [1.319028377532959, 0.9463896751403809, -1.0519710779190063, 0.15308082103729248, -0.26249536871910095, -0.022006940096616745, 0.6616424918174744, 0.9823183417320251, 0.7547311782836914, 0.12778417766094208, -0.4127970337867737, -0.0766034796833992, -0.47294843196868896, -0.12726804614067078, -0.5952356457710266, -1.3118382692337036, -1.6653141975402832, -0.42772677540779114, -0.010517710819840431, 1.9945536851882935, 1.3149871826171875, 0.27825042605400085, 1.2963588237762451, 0.9468266367912292, 1.2345435619354248, 0.5630034804344177, 1.7026758193969727, -0.6550114154815674, -1.0375323295593262, 0.6825941801071167, -0.16241468489170074, 2.061655282974243, -0.6448399424552917, -0.39626461267471313, 0.5893056988716125, 0.9786535501480103, 1.5773502588272095, -0.7070574760437012, 0.24203333258628845, 0.10092882812023163], [1.4440646171569824, 0.8799386620521545, -0.039431359618902206, 0.13799700140953064, -0.5087474584579468, -0.19186802208423615, 1.0000436305999756, 1.1832705736160278, 0.5390164256095886, 0.3371099829673767, 0.030962755903601646, -0.3332151174545288, -0.6921879649162292, 0.2386995255947113, -0.1893676072359085, -1.729631781578064, -1.5406875610351562, -0.046760812401771545, -0.06819172203540802, 1.6716926097869873, 0.9947311878204346, 0.07472460716962814, 1.2260643243789673, 0.9729182720184326, 0.8653625249862671, 0.8469623327255249, 1.3841078281402588, -0.5970575213432312, -0.8965035080909729, 0.6517599821090698, 0.07548675686120987, 1.6036999225616455, -1.1867693662643433, 0.1948508769273758, 0.21170197427272797, 0.981389582157135, 1.3682806491851807, -0.24854275584220886, 0.8465393781661987, 0.21448680758476257], [1.615741491317749, 1.0987157821655273, -0.32795217633247375, 0.06446996331214905, -0.05697096511721611, -0.05216392129659653, 0.8910113573074341, 1.0383784770965576, 0.3518246114253998, 0.5464209318161011, 0.034479111433029175, -0.3284907341003418, -0.5566293001174927, 0.03355894237756729, -0.15152589976787567, -1.384143590927124, -1.0965797901153564, -0.12431515008211136, 0.27386027574539185, 1.881489634513855, 1.6380336284637451, 0.005180493462830782, 1.183625340461731, 1.0982946157455444, 0.9018344283103943, 0.7896649241447449, 1.3447883129119873, -0.6769797205924988, -1.1312305927276611, 0.9521529078483582, 0.2045450657606125, 2.0109758377075195, -0.9021610021591187, -0.10897532105445862, 0.31470900774002075, 1.286858320236206, 1.2641279697418213, -0.3545932173728943, 0.42096346616744995, -0.46211862564086914], [1.7208194732666016, 0.8775281310081482, -0.8555545806884766, 0.4742039144039154, -0.16321684420108795, 0.1362287998199463, 0.7141211628913879, 0.8752579689025879, 0.769243061542511, 0.47682440280914307, 0.43713682889938354, -0.4369606673717499, -0.5545149445533752, -0.04611649364233017, -0.1468423306941986, -1.2039737701416016, -0.9632363319396973, -0.19040237367153168, -0.042840976268053055, 1.8064348697662354, 2.267122268676758, -0.06248991936445236, 1.1773488521575928, 1.1059329509735107, 0.9792667031288147, 0.6983506083488464, 1.3467042446136475, -0.6663703918457031, -0.9219377040863037, 1.314058542251587, 0.2963215410709381, 2.145432233810425, -0.913103461265564, -0.4493984282016754, 0.304368257522583, 1.4164738655090332, 1.3151005506515503, -0.3489820659160614, 0.27258825302124023, 0.06478828191757202], [1.6228336095809937, 1.063621163368225, 0.9358638525009155, 0.30182284116744995, -0.17643924057483673, 0.40210390090942383, 0.7093225121498108, 0.7809969782829285, 0.5793853402137756, 0.1404830515384674, 0.3118990659713745, 0.005377613939344883, -0.5197348594665527, 0.38396698236465454, -0.21367934346199036, -1.0868631601333618, -1.4227899312973022, -0.4315851032733917, 0.011808808892965317, 2.1973979473114014, 1.5469459295272827, 0.2168729454278946, 0.9294491410255432, 1.0103338956832886, 0.7949201464653015, 0.6195167303085327, 1.4498775005340576, -0.49090468883514404, -0.9275270700454712, 1.1073471307754517, 0.08214043080806732, 2.1056711673736572, -0.7307973504066467, -0.4262921214103699, 0.4366616904735565, 1.2115315198898315, 1.5313999652862549, -0.42198285460472107, 0.0949188694357872, -0.38423672318458557], [0.6937933564186096, 1.141372799873352, 0.1140894740819931, 0.10721833258867264, -0.006795866414904594, 0.16978903114795685, 0.7650882601737976, 0.9508007168769836, 0.6490257382392883, 0.20266269147396088, -0.17891822755336761, -0.12225603312253952, -0.3466166853904724, 0.43133729696273804, -0.45373478531837463, -1.3479360342025757, -1.7153114080429077, -0.41813695430755615, 0.04461278021335602, 2.0359714031219482, 1.2303729057312012, 0.26452165842056274, 0.9800984263420105, 0.9939751029014587, 1.014280915260315, 0.528285026550293, 2.014953374862671, -0.3921903669834137, -1.019101858139038, 0.8797314763069153, -0.23881275951862335, 2.1831908226013184, -0.6382958889007568, -0.3881744146347046, 0.7525222897529602, 1.0213404893875122, 1.483142614364624, -0.7416886687278748, 0.1835852861404419, -0.4981597363948822], [1.4167585372924805, 1.2184257507324219, 0.931380033493042, 0.24067264795303345, -0.21763557195663452, 0.4119793474674225, 0.7692796587944031, 0.6940977573394775, 0.5131058692932129, 0.0982385203242302, 0.16957324743270874, -0.018828755244612694, -0.5674953460693359, 0.4544662833213806, -0.1588105708360672, -1.3099905252456665, -1.3357126712799072, -0.42292851209640503, 0.02822999656200409, 2.2367360591888428, 1.5027390718460083, 0.19688838720321655, 1.012418508529663, 1.0059911012649536, 0.6518738865852356, 0.6948367357254028, 1.484368085861206, -0.45272839069366455, -0.9152200818061829, 1.1380915641784668, 0.0965021401643753, 2.3302862644195557, -0.6572993397712708, -0.5526503324508667, 0.36640745401382446, 1.2099459171295166, 1.4728728532791138, -0.4293726980686188, 0.1486792266368866, 0.12379106134176254], [1.4039087295532227, 1.1687586307525635, 0.7174078822135925, 0.21658703684806824, -0.3223073482513428, 0.2289215475320816, 0.9069127440452576, 1.1124820709228516, 0.3514111042022705, 0.30503976345062256, 0.350434273481369, -0.11904242634773254, -0.6285704374313354, 0.6470077633857727, -0.13012699782848358, -1.3032809495925903, -1.6492853164672852, -0.23197872936725616, -0.0026084997225552797, 2.13047194480896, 1.721320629119873, 0.2084749937057495, 1.084714651107788, 0.872633695602417, 0.7283545136451721, 0.727051854133606, 1.3639861345291138, -0.573951780796051, -0.6329793930053711, 1.0878345966339111, -0.004051906056702137, 2.0664026737213135, -0.7995008826255798, -0.5094625949859619, 0.46552786231040955, 1.1199524402618408, 1.4201949834823608, -0.3040291368961334, -0.06922520697116852, 0.11746453493833542], [1.7920503616333008, 0.2359914779663086, -0.40559902787208557, 0.010323970578610897, -0.2041420340538025, 0.11922696977853775, 0.636735200881958, 0.6570743918418884, 0.7969695329666138, 0.4851958751678467, -0.05024760961532593, -0.4166043996810913, -0.6175468564033508, 0.010145855136215687, -0.18288291990756989, -1.5765845775604248, -1.512630581855774, -0.20983630418777466, -0.058071814477443695, 1.7519605159759521, 1.9542698860168457, -0.10296255350112915, 0.7945322394371033, 1.1445658206939697, 1.160704255104065, 0.5534772276878357, 1.4822652339935303, -0.8298559188842773, -0.7620227336883545, 0.9984242916107178, 0.10364507138729095, 2.2984259128570557, -1.1198146343231201, -0.05502849444746971, 0.2938113510608673, 1.0397635698318481, 1.5206936597824097, -0.378368616104126, 0.10386572778224945, -0.029197638854384422], [2.143827438354492, 1.3835077285766602, -0.0005349191487766802, -0.23970837891101837, -0.4087979793548584, 0.2580793499946594, 0.7231114506721497, 0.9566737413406372, 0.7001407742500305, 0.3004750907421112, -0.019668499007821083, -0.8657175302505493, -0.6559802889823914, -0.024105731397867203, -0.2854330539703369, -1.2456146478652954, -1.4942914247512817, -0.6488524079322815, -0.6337670087814331, 1.5538384914398193, 1.8418811559677124, 0.5952938795089722, 0.9743821620941162, 0.7018058896064758, 0.8774615526199341, 0.6448944211006165, 1.4685399532318115, -1.025153636932373, -0.35850459337234497, 1.163523554801941, 0.2651121914386749, 1.722270131111145, -0.3746642768383026, -0.8159382343292236, -0.06842108815908432, 0.9862090945243835, 1.58106529712677, -0.6471884846687317, 0.6932833194732666, -0.20763038098812103], [1.5632015466690063, 0.8280543088912964, 0.1311216503381729, -0.14260269701480865, -0.3949251174926758, 0.004730560351163149, 0.9420850872993469, 1.3293524980545044, 0.5151283740997314, 0.4155564308166504, 0.5491330027580261, -0.7445186972618103, -0.57691890001297, -0.20138069987297058, -0.1639220267534256, -0.9999534487724304, -1.521284818649292, -0.32542088627815247, -0.1877901554107666, 1.4381557703018188, 1.8569082021713257, 0.4454578161239624, 1.042684555053711, 0.7176244258880615, 0.6876546144485474, 0.7194134593009949, 1.3672752380371094, -0.7006184458732605, -0.37621399760246277, 1.2848410606384277, 0.07475879788398743, 1.8557438850402832, -0.5806650519371033, -0.6597474813461304, 0.3123396039009094, 1.0415235757827759, 1.472933053970337, -0.43717536330223083, -0.21392099559307098, -0.385161817073822], [1.5541011095046997, 0.8564339280128479, -1.1133618354797363, -0.22023476660251617, -0.28069958090782166, -0.4730955958366394, 0.8644977807998657, 1.076200246810913, 0.3906545639038086, 0.5584740042686462, -0.1233602985739708, -0.43568816781044006, -0.723000168800354, -0.1173175498843193, -0.3855602443218231, -1.0523008108139038, -1.1826668977737427, -0.1206342950463295, 0.607494592666626, 1.8907915353775024, 1.8544687032699585, -0.037062857300043106, 1.3836413621902466, 1.1283648014068604, 0.9784751534461975, 0.738476574420929, 1.118949294090271, -0.6750360727310181, -0.8302949070930481, 0.8092128038406372, 0.23356041312217712, 2.2383086681365967, -0.9079713821411133, -0.17882996797561646, 0.26380592584609985, 1.1185063123703003, 1.1785918474197388, -0.3114517331123352, 0.11023459583520889, 0.24809147417545319], [1.1162911653518677, 0.9248541593551636, 0.5297824740409851, 0.2014123946428299, 0.025080664083361626, 0.3193231225013733, 0.8609233498573303, 0.5817722082138062, 0.5889361500740051, -0.06863141059875488, 0.19169186055660248, -0.1365523785352707, -0.3655865490436554, 0.06998050957918167, 0.041668135672807693, -1.6592451333999634, -1.5047876834869385, -0.45073625445365906, -0.010604810900986195, 2.0138654708862305, 2.067457914352417, 0.4018785357475281, 1.0264019966125488, 0.9878385066986084, 1.0407040119171143, 0.5717081427574158, 1.7148431539535522, -0.4764679968357086, -0.8143467903137207, 1.0566855669021606, 0.1728966385126114, 2.2442712783813477, -0.5518761277198792, -0.6521457433700562, -0.01288605947047472, 1.2348074913024902, 1.53083336353302, -0.5521649122238159, -0.2977007329463959, 0.21243895590305328]]}]
