WARNING:absl:No GPU/TPU found, falling back to CPU. (Set TF_CPP_MIN_LOG_LEVEL=0 and rerun for more info.)
Evaluating dataset ds_d2_e01_seed1
Fitting ......................................................................................................................................................
Fitting ......................................................................................................................................................
Fitting ......................................................................................................................................................
Fitting ......................................................................................................................................................
Fitting ......................................................................................................................................................
Fitting ......................................................................................................................................................
Fitting ......................................................................................................................................................
Fitting ......................................................................................................................................................
Fitting ......................................................................................................................................................
Fitting ......................................................................................................................................................
Fitting ......................................................................................................................................................
Fitting ......................................................................................................................................................
Fitting ......................................................................................................................................................
Fitting ......................................................................................................................................................
Fitting ......................................................................................................................................................
Fitting ......................................................................................................................................................
Fitting ......................................................................................................................................................
Fitting ......................................................................................................................................................
Fitting ......................................................................................................................................................
Fitting ......................................................................................................................................................
Predicting ...
Predicting ...
Predicting ...
Predicting ...
Predicting ...
Predicting ...
Predicting ...
Predicting ...
Predicting ...
Predicting ...
Predicting ...
Predicting ...
Predicting ...
Predicting ...
Predicting ...
Predicting ...
Predicting ...
Predicting ...
Predicting ...
Predicting ...
Predicting ...
Predicting ...
Predicting ...
Predicting ...
Predicting ...
Predicting ...
Predicting ...
Predicting ...
Predicting ...
Predicting ...
Predicting ...
Predicting ...
Predicting ...
Predicting ...
Predicting ...
Predicting ...
Predicting ...
Predicting ...
Predicting ...
Predicting ...
[{'max_features': 0.5, 'max_samples': 0.2, 'varform': 'tfim', 'layers': 10, 'bagging_mse': 0.010214536849553877, 'bagging_estimators_mse': [0.040529138411364275, 0.021487313913958035, 0.009080708541159272, 0.04394201647246227, 0.009408600957848902, 0.02860319334059585, 0.03959337036410326, 0.012591870552386268, 0.041020606964827205, 0.017925923103517247, 0.028077175691508874, 0.020716791451992452, 0.049511928539068405, 0.021993553403546348, 0.010629511962504954, 0.030089558861500512, 0.02102149706119305, 0.018888449938727247, 0.023150709934725233, 0.021874191435108714], 'bagging_estimators_params': [[-0.22594641149044037, -0.7487586736679077, -1.3328814506530762, -0.11851449310779572, -0.5707710981369019, 0.6230491995811462, -0.7328240275382996, -0.3232300579547882, -0.24793864786624908, 1.5817978382110596, -1.4613913297653198, -0.5306166410446167, 0.07494533061981201, 0.3161132335662842, 1.4225739240646362, 0.24777154624462128, -0.872053325176239, -1.655186414718628, -2.059377431869507, -0.7726762890815735], [-0.22594641149044037, -0.755678653717041, -1.3328814506530762, -0.12543459236621857, -0.5707710981369019, 0.6161293387413025, -0.7328240275382996, -0.33014971017837524, -0.24793864786624908, 1.5748778581619263, -1.4613913297653198, -0.5375367403030396, 0.07494533061981201, 0.3091936409473419, 1.4225739240646362, 0.24085137248039246, -0.872053325176239, -1.6621066331863403, -2.059377431869507, -0.7795963883399963], [-0.22594641149044037, -0.7678453326225281, -1.3328814506530762, -0.13760074973106384, -0.5707710981369019, 0.6039626598358154, -0.7328240275382996, -0.34231603145599365, -0.24793864786624908, 1.5627121925354004, -1.4613913297653198, -0.5497031807899475, 0.07494533061981201, 0.2970273792743683, 1.4225739240646362, 0.22868511080741882, -0.872053325176239, -1.6742721796035767, -2.059377431869507, -0.7917628884315491], [-0.22594641149044037, -0.7477453351020813, -1.3328814506530762, -0.11750108748674393, -0.5707710981369019, 0.6240626573562622, -0.7328240275382996, -0.3222164809703827, -0.24793864786624908, 1.5828113555908203, -1.4613913297653198, -0.5296030044555664, 0.07494533061981201, 0.31712692975997925, 1.4225739240646362, 0.24878472089767456, -0.872053325176239, -1.6541728973388672, -2.059377431869507, -0.7716627717018127], [-0.22594641149044037, -0.7653456330299377, -1.3328814506530762, -0.1351010799407959, -0.5707710981369019, 0.606462299823761, -0.7328240275382996, -0.3398168385028839, -0.24793864786624908, 1.5652104616165161, -1.4613913297653198, -0.5472033619880676, 0.07494533061981201, 0.2995268404483795, 1.4225739240646362, 0.2311849445104599, -0.872053325176239, -1.671773076057434, -2.059377431869507, -0.7892628908157349], [-0.22594641149044037, -0.7527063488960266, -1.3328814506530762, -0.12246252596378326, -0.5707710981369019, 0.6191016435623169, -0.7328240275382996, -0.32717791199684143, -0.24793864786624908, 1.5778498649597168, -1.4613913297653198, -0.5345640778541565, 0.07494533061981201, 0.31216543912887573, 1.4225739240646362, 0.24382351338863373, -0.872053325176239, -1.6591343879699707, -2.059377431869507, -0.7766239643096924], [-0.22594641149044037, -0.7490200400352478, -1.3328814506530762, -0.11877606064081192, -0.5707710981369019, 0.6227879524230957, -0.7328240275382996, -0.3234916627407074, -0.24793864786624908, 1.5815365314483643, -1.4613913297653198, -0.530877947807312, 0.07494533061981201, 0.3158518671989441, 1.4225739240646362, 0.24750997126102448, -0.872053325176239, -1.6554479598999023, -2.059377431869507, -0.7729376554489136], [-0.22594641149044037, -0.7734938859939575, -1.3328814506530762, -0.1432492733001709, -0.5707710981369019, 0.5983140468597412, -0.7328240275382996, -0.3479648530483246, -0.24793864786624908, 1.5570621490478516, -1.4613913297653198, -0.555351972579956, 0.07494533061981201, 0.29137858748435974, 1.4225739240646362, 0.22303637862205505, -0.872053325176239, -1.6799222230911255, -2.059377431869507, -0.7974116802215576], [-0.22594641149044037, -0.7859325408935547, -1.3328814506530762, -0.15568800270557404, -0.5707710981369019, 0.5858755707740784, -0.7328240275382996, -0.36040347814559937, -0.24793864786624908, 1.5446239709854126, -1.4613913297653198, -0.5677903890609741, 0.07494533061981201, 0.2789401113986969, 1.4225739240646362, 0.21059772372245789, -0.872053325176239, -1.6923604011535645, -2.059377431869507, -0.8098499774932861], [-0.22594641149044037, -0.7574906945228577, -1.3328814506530762, -0.12724663317203522, -0.5707710981369019, 0.6143174171447754, -0.7328240275382996, -0.33196187019348145, -0.24793864786624908, 1.5730655193328857, -1.4613913297653198, -0.5393484234809875, 0.07494533061981201, 0.3073815107345581, 1.4225739240646362, 0.2390393614768982, -0.872053325176239, -1.6639188528060913, -2.059377431869507, -0.7814079523086548], [-0.22594641149044037, -0.7816368937492371, -1.3328814506530762, -0.1513931155204773, -0.5707710981369019, 0.5901706218719482, -0.7328240275382996, -0.3561086058616638, -0.24793864786624908, 1.5489187240600586, -1.4613913297653198, -0.5634952187538147, 0.07494533061981201, 0.28323468565940857, 1.4225739240646362, 0.21489256620407104, -0.872053325176239, -1.688065528869629, -2.059377431869507, -0.8055547475814819], [-0.22594641149044037, -0.7560489773750305, -1.3328814506530762, -0.1258043795824051, -0.5707710981369019, 0.6157592535018921, -0.7328240275382996, -0.3305196166038513, -0.24793864786624908, 1.5745078325271606, -1.4613913297653198, -0.5379069447517395, 0.07494533061981201, 0.3088236451148987, 1.4225739240646362, 0.24048171937465668, -0.872053325176239, -1.6624767780303955, -2.059377431869507, -0.7799662351608276], [-0.22594641149044037, -0.7883674502372742, -1.3328814506530762, -0.1581231951713562, -0.5707710981369019, 0.583440363407135, -0.7328240275382996, -0.3628386855125427, -0.24793864786624908, 1.5421885251998901, -1.4613913297653198, -0.5702253580093384, 0.07494533061981201, 0.27650466561317444, 1.4225739240646362, 0.20816242694854736, -0.872053325176239, -1.694795846939087, -2.059377431869507, -0.8122851848602295], [-0.22594641149044037, -0.7554432153701782, -1.3328814506530762, -0.1251988708972931, -0.5707710981369019, 0.6163646578788757, -0.7328240275382996, -0.32991448044776917, -0.24793864786624908, 1.5751135349273682, -1.4613913297653198, -0.5373011827468872, 0.07494533061981201, 0.3094291388988495, 1.4225739240646362, 0.2410869300365448, -0.872053325176239, -1.661871075630188, -2.059377431869507, -0.7793609499931335], [-0.22594641149044037, -0.7631749510765076, -1.3328814506530762, -0.13293053209781647, -0.5707710981369019, 0.6086329817771912, -0.7328240275382996, -0.33764609694480896, -0.24793864786624908, 1.5673822164535522, -1.4613913297653198, -0.5450330972671509, 0.07494533061981201, 0.3016974627971649, 1.4225739240646362, 0.23335522413253784, -0.872053325176239, -1.669602632522583, -2.059377431869507, -0.7870927453041077], [-0.22594641149044037, -0.7824402451515198, -1.3328814506530762, -0.15219621360301971, -0.5707710981369019, 0.5893677473068237, -0.7328240275382996, -0.3569117784500122, -0.24793864786624908, 1.5481150150299072, -1.4613913297653198, -0.5642979145050049, 0.07494533061981201, 0.28243184089660645, 1.4225739240646362, 0.21408985555171967, -0.872053325176239, -1.6888692378997803, -2.059377431869507, -0.806357741355896], [-0.22594641149044037, -0.7558991312980652, -1.3328814506530762, -0.12565529346466064, -0.5707710981369019, 0.6159083843231201, -0.7328240275382996, -0.33037084341049194, -0.24793864786624908, 1.5746568441390991, -1.4613913297653198, -0.5377572774887085, 0.07494533061981201, 0.30897256731987, 1.4225739240646362, 0.24063052237033844, -0.872053325176239, -1.662327766418457, -2.059377431869507, -0.7798171639442444], [-0.22594641149044037, -0.7775884866714478, -1.3328814506530762, -0.14734403789043427, -0.5707710981369019, 0.5942192077636719, -0.7328240275382996, -0.3520595133304596, -0.24793864786624908, 1.5529688596725464, -1.4613913297653198, -0.559446394443512, 0.07494533061981201, 0.28728410601615906, 1.4225739240646362, 0.2189418226480484, -0.872053325176239, -1.6840153932571411, -2.059377431869507, -0.8015059232711792], [-0.22594641149044037, -0.7549216747283936, -1.3328814506530762, -0.1246768906712532, -0.5707710981369019, 0.6168862581253052, -0.7328240275382996, -0.329392671585083, -0.24793864786624908, 1.575635313987732, -1.4613913297653198, -0.536779522895813, 0.07494533061981201, 0.30995067954063416, 1.4225739240646362, 0.2416089028120041, -0.872053325176239, -1.6613487005233765, -2.059377431869507, -0.7788392305374146], [-0.22594641149044037, -0.7554985284805298, -1.3328814506530762, -0.12525415420532227, -0.5707710981369019, 0.6163095831871033, -0.7328240275382996, -0.3299698233604431, -0.24793864786624908, 1.5750585794448853, -1.4613913297653198, -0.5373563170433044, 0.07494533061981201, 0.30937355756759644, 1.4225739240646362, 0.24103191494941711, -0.872053325176239, -1.6619256734848022, -2.059377431869507, -0.7794157266616821]]}]
Evaluating dataset ds_d2_e10_seed1
Fitting ......................................................................................................................................................
Fitting ......................................................................................................................................................
Fitting ......................................................................................................................................................
Fitting ......................................................................................................................................................
Fitting ......................................................................................................................................................
Fitting ......................................................................................................................................................
Fitting ......................................................................................................................................................
Fitting ......................................................................................................................................................
Fitting ......................................................................................................................................................
Fitting ......................................................................................................................................................
Fitting ......................................................................................................................................................
Fitting ......................................................................................................................................................
Fitting ......................................................................................................................................................
Fitting ......................................................................................................................................................
Fitting ......................................................................................................................................................
Fitting ......................................................................................................................................................
Fitting ......................................................................................................................................................
Fitting ......................................................................................................................................................
Fitting ......................................................................................................................................................
Fitting ......................................................................................................................................................
Predicting ...
Predicting ...
Predicting ...
Predicting ...
Predicting ...
Predicting ...
Predicting ...
Predicting ...
Predicting ...
Predicting ...
Predicting ...
Predicting ...
Predicting ...
Predicting ...
Predicting ...
Predicting ...
Predicting ...
Predicting ...
Predicting ...
Predicting ...
Predicting ...
Predicting ...
Predicting ...
Predicting ...
Predicting ...
Predicting ...
Predicting ...
Predicting ...
Predicting ...
Predicting ...
Predicting ...
Predicting ...
Predicting ...
Predicting ...
Predicting ...
Predicting ...
Predicting ...
Predicting ...
Predicting ...
Predicting ...
[{'max_features': 0.5, 'max_samples': 0.2, 'varform': 'tfim', 'layers': 10, 'bagging_mse': 0.11031433523807013, 'bagging_estimators_mse': [0.1167682937521237, 0.10989528930281409, 0.13416681081495882, 0.1124465903960169, 0.13409102504511633, 0.11093060816716671, 0.10953525188019711, 0.14926796028994258, 0.12301919592210918, 0.10955311493745182, 0.10958111023856582, 0.1213122071683179, 0.1154424438829955, 0.1334073439875079, 0.11151758988991153, 0.11033758386141479, 0.11561200358266593, 0.11383357100773267, 0.13076823899469883, 0.11211253718524744], 'bagging_estimators_params': [[-0.22594641149044037, -0.755692720413208, -1.3328814506530762, -0.1254482865333557, -0.5707710981369019, 0.6161153316497803, -0.7328240275382996, -0.3301641047000885, -0.24793864786624908, 1.5748635530471802, -1.4613913297653198, -0.5375506281852722, 0.07494533061981201, 0.30917951464653015, 1.4225739240646362, 0.2408374547958374, -0.872053325176239, -1.6621208190917969, -2.059377431869507, -0.7796103358268738], [-0.22594641149044037, -0.766779363155365, -1.3328814506530762, -0.13653461635112762, -0.5707710981369019, 0.6050284504890442, -0.7328240275382996, -0.34125015139579773, -0.24793864786624908, 1.5637774467468262, -1.4613913297653198, -0.5486375689506531, 0.07494533061981201, 0.2980932891368866, 1.4225739240646362, 0.22975106537342072, -0.872053325176239, -1.6732065677642822, -2.059377431869507, -0.7906970977783203], [-0.22594641149044037, -0.7812129855155945, -1.3328814506530762, -0.15096871554851532, -0.5707710981369019, 0.590595006942749, -0.7328240275382996, -0.35568419098854065, -0.24793864786624908, 1.549343228340149, -1.4613913297653198, -0.5630708336830139, 0.07494533061981201, 0.2836591601371765, 1.4225739240646362, 0.21531692147254944, -0.872053325176239, -1.6876412630081177, -2.059377431869507, -0.8051304221153259], [-0.22594641149044037, -0.7590524554252625, -1.3328814506530762, -0.1288081407546997, -0.5707710981369019, 0.6127554178237915, -0.7328240275382996, -0.33352383971214294, -0.24793864786624908, 1.57150399684906, -1.4613913297653198, -0.5409104824066162, 0.07494533061981201, 0.30581969022750854, 1.4225739240646362, 0.23747774958610535, -0.872053325176239, -1.665480375289917, -2.059377431869507, -0.7829703688621521], [-0.22594641149044037, -0.7811875343322754, -1.3328814506530762, -0.1509433388710022, -0.5707710981369019, 0.5906202793121338, -0.7328240275382996, -0.35565850138664246, -0.24793864786624908, 1.5493690967559814, -1.4613913297653198, -0.5630456209182739, 0.07494533061981201, 0.2836848795413971, 1.4225739240646362, 0.21534258127212524, -0.872053325176239, -1.6876153945922852, -2.059377431869507, -0.8051052093505859], [-0.22594641149044037, -0.7607870697975159, -1.3328814506530762, -0.13054265081882477, -0.5707710981369019, 0.6110210418701172, -0.7328240275382996, -0.3352580666542053, -0.24793864786624908, 1.5697695016860962, -1.4613913297653198, -0.5426449179649353, 0.07494533061981201, 0.3040853440761566, 1.4225739240646362, 0.23574307560920715, -0.872053325176239, -1.6672147512435913, -2.059377431869507, -0.7847047448158264], [-0.22594641149044037, -0.7652201056480408, -1.3328814506530762, -0.13497552275657654, -0.5707710981369019, 0.6065878868103027, -0.7328240275382996, -0.33969107270240784, -0.24793864786624908, 1.5653367042541504, -1.4613913297653198, -0.5470778346061707, 0.07494533061981201, 0.2996521592140198, 1.4225739240646362, 0.23131000995635986, -0.872053325176239, -1.671647548675537, -2.059377431869507, -0.7891376614570618], [-0.22594641149044037, -0.7857046127319336, -1.3328814506530762, -0.15546047687530518, -0.5707710981369019, 0.586103618144989, -0.7328240275382996, -0.3601759076118469, -0.24793864786624908, 1.5448516607284546, -1.4613913297653198, -0.5675620436668396, 0.07494533061981201, 0.2791675329208374, 1.4225739240646362, 0.2108255922794342, -0.872053325176239, -1.692132830619812, -2.059377431869507, -0.8096215724945068], [-0.22594641149044037, -0.7768491506576538, -1.3328814506530762, -0.1466050148010254, -0.5707710981369019, 0.5949589610099792, -0.7328240275382996, -0.3513205945491791, -0.24793864786624908, 1.5537066459655762, -1.4613913297653198, -0.5587071776390076, 0.07494533061981201, 0.2880226671695709, 1.4225739240646362, 0.21968071162700653, -0.872053325176239, -1.68327796459198, -2.059377431869507, -0.8007669448852539], [-0.22594641149044037, -0.764075517654419, -1.3328814506530762, -0.13383080065250397, -0.5707710981369019, 0.6077324151992798, -0.7328240275382996, -0.33854618668556213, -0.24793864786624908, 1.5664805173873901, -1.4613913297653198, -0.5459333658218384, 0.07494533061981201, 0.3007971942424774, 1.4225739240646362, 0.23245488107204437, -0.872053325176239, -1.670504093170166, -2.059377431869507, -0.7879930734634399], [-0.22594641149044037, -0.7657618522644043, -1.3328814506530762, -0.1355174481868744, -0.5707710981369019, 0.6060463190078735, -0.7328240275382996, -0.34023305773735046, -0.24793864786624908, 1.5647945404052734, -1.4613913297653198, -0.5476198196411133, 0.07494533061981201, 0.29911017417907715, 1.4225739240646362, 0.23076821863651276, -0.872053325176239, -1.6721898317337036, -2.059377431869507, -0.7896794676780701], [-0.22594641149044037, -0.7532231211662292, -1.3328814506530762, -0.12297909706830978, -0.5707710981369019, 0.6185845732688904, -0.7328240275382996, -0.32769468426704407, -0.24793864786624908, 1.5773323774337769, -1.4613913297653198, -0.5350813865661621, 0.07494533061981201, 0.3116488456726074, 1.4225739240646362, 0.24330663681030273, -0.872053325176239, -1.659651756286621, -2.059377431869507, -0.7771409749984741], [-0.22594641149044037, -0.7727978229522705, -1.3328814506530762, -0.14255326986312866, -0.5707710981369019, 0.5990101099014282, -0.7328240275382996, -0.3472687304019928, -0.24793864786624908, 1.5577588081359863, -1.4613913297653198, -0.5546555519104004, 0.07494533061981201, 0.292074978351593, 1.4225739240646362, 0.2237326204776764, -0.872053325176239, -1.6792254447937012, -2.059377431869507, -0.7967151999473572], [-0.22594641149044037, -0.7484287023544312, -1.3328814506530762, -0.11818444728851318, -0.5707710981369019, 0.6233794093132019, -0.7328240275382996, -0.32289984822273254, -0.24793864786624908, 1.5821276903152466, -1.4613913297653198, -0.5302861928939819, 0.07494533061981201, 0.31644344329833984, 1.4225739240646362, 0.24810120463371277, -0.872053325176239, -1.6548570394515991, -2.059377431869507, -0.7723463773727417], [-0.22594641149044037, -0.7694206833839417, -1.3328814506530762, -0.13917659223079681, -0.5707710981369019, 0.6023872494697571, -0.7328240275382996, -0.3438924551010132, -0.24793864786624908, 1.5611355304718018, -1.4613913297653198, -0.5512784123420715, 0.07494533061981201, 0.2954511344432831, 1.4225739240646362, 0.22710926830768585, -0.872053325176239, -1.6758486032485962, -2.059377431869507, -0.7933379411697388], [-0.22594641149044037, -0.7677386403083801, -1.3328814506530762, -0.1374947726726532, -0.5707710981369019, 0.6040692329406738, -0.7328240275382996, -0.34221047163009644, -0.24793864786624908, 1.5628166198730469, -1.4613913297653198, -0.5495967864990234, 0.07494533061981201, 0.297132670879364, 1.4225739240646362, 0.22879105806350708, -0.872053325176239, -1.6741673946380615, -2.059377431869507, -0.7916564345359802], [-0.22594641149044037, -0.7729123830795288, -1.3328814506530762, -0.14266817271709442, -0.5707710981369019, 0.5988956093788147, -0.7328240275382996, -0.3473834991455078, -0.24793864786624908, 1.5576449632644653, -1.4613913297653198, -0.5547703504562378, 0.07494533061981201, 0.29195982217788696, 1.4225739240646362, 0.22361773252487183, -0.872053325176239, -1.6793397665023804, -2.059377431869507, -0.7968296408653259], [-0.22594641149044037, -0.7577317953109741, -1.3328814506530762, -0.127487912774086, -0.5707710981369019, 0.6140761375427246, -0.7328240275382996, -0.3322034180164337, -0.24793864786624908, 1.5728245973587036, -1.4613913297653198, -0.5395896434783936, 0.07494533061981201, 0.3071400821208954, 1.4225739240646362, 0.2387976050376892, -0.872053325176239, -1.6641603708267212, -2.059377431869507, -0.7816495299339294], [-0.22594641149044037, -0.7800281047821045, -1.3328814506530762, -0.149784117937088, -0.5707710981369019, 0.5917798280715942, -0.7328240275382996, -0.3544997274875641, -0.24793864786624908, 1.5505282878875732, -1.4613913297653198, -0.5618860125541687, 0.07494533061981201, 0.28484389185905457, 1.4225739240646362, 0.21650178730487823, -0.872053325176239, -1.6864560842514038, -2.059377431869507, -0.8039456605911255], [-0.22594641149044037, -0.770071804523468, -1.3328814506530762, -0.13982702791690826, -0.5707710981369019, 0.6017360091209412, -0.7328240275382996, -0.3445425033569336, -0.24793864786624908, 1.5604854822158813, -1.4613913297653198, -0.5519296526908875, 0.07494533061981201, 0.2948007583618164, 1.4225739240646362, 0.2264585942029953, -0.872053325176239, -1.6764988899230957, -2.059377431869507, -0.7939894795417786]]}]
Evaluating dataset ds_d4_e01_seed1
Fitting ......................................................................................................................................................
Fitting ......................................................................................................................................................
Fitting ......................................................................................................................................................
Fitting ......................................................................................................................................................
Fitting ......................................................................................................................................................
Fitting ......................................................................................................................................................
Fitting ......................................................................................................................................................
Fitting ......................................................................................................................................................
Fitting ......................................................................................................................................................
Fitting ......................................................................................................................................................
Fitting ......................................................................................................................................................
Fitting ......................................................................................................................................................
Fitting ......................................................................................................................................................
Fitting ......................................................................................................................................................
Fitting ......................................................................................................................................................
Fitting ......................................................................................................................................................
Fitting ......................................................................................................................................................
Fitting ......................................................................................................................................................
Fitting ......................................................................................................................................................
Fitting ......................................................................................................................................................
Predicting ...
Predicting ...
Predicting ...
Predicting ...
Predicting ...
Predicting ...
Predicting ...
Predicting ...
Predicting ...
Predicting ...
Predicting ...
Predicting ...
Predicting ...
Predicting ...
Predicting ...
Predicting ...
Predicting ...
Predicting ...
Predicting ...
Predicting ...
Predicting ...
Predicting ...
Predicting ...
Predicting ...
Predicting ...
Predicting ...
Predicting ...
Predicting ...
Predicting ...
Predicting ...
Predicting ...
Predicting ...
Predicting ...
Predicting ...
Predicting ...
Predicting ...
Predicting ...
Predicting ...
Predicting ...
Predicting ...
[{'max_features': 0.5, 'max_samples': 0.2, 'varform': 'tfim', 'layers': 10, 'bagging_mse': 0.11812509183474294, 'bagging_estimators_mse': [0.21223786491624275, 0.08618475807700604, 0.14145033098148316, 0.13643957290887604, 0.058558256425715126, 0.19514441922383213, 0.1361784355946723, 0.17084164272234986, 0.15879195953830205, 0.17600924559126643, 0.12319519645465954, 0.2636429000449796, 0.08995280050728609, 0.19696896942546097, 0.17683144735262105, 0.1610007046097669, 0.21155258632856672, 0.1924734200237787, 0.20137580586990475, 0.1515564669047937], 'bagging_estimators_params': [[-0.7815214395523071, -0.7331727743148804, -1.5578371286392212, -0.03668467327952385, -0.8280521035194397, 0.6660553812980652, -0.991657018661499, -0.11729490756988525, -0.6519313454627991, 1.9084919691085815, -1.7465437650680542, -0.7386695146560669, -0.04431113600730896, 0.14350728690624237, 1.2186912298202515, 0.5668469071388245, -1.2411775588989258, -1.459439754486084, -2.100017547607422, -0.6629440784454346], [1.3948442935943604, -0.7702286243438721, -1.6125200986862183, -0.001703535090200603, -1.0737477540969849, 0.7601129412651062, -0.7394824028015137, 0.00940072163939476, -0.6203522682189941, 2.2364673614501953, -1.581639289855957, -0.46675410866737366, 0.2053816318511963, 0.41364941000938416, 1.460940957069397, 0.5571720600128174, -0.8130887150764465, -1.4756675958633423, -2.1496405601501465, -0.8422132134437561], [-0.4550541341304779, -1.1023476123809814, -1.4000334739685059, 0.12863768637180328, -0.7753089070320129, 0.9592196345329285, -0.5326732397079468, 0.014073001220822334, -0.30565670132637024, 1.8996398448944092, -1.7207653522491455, -0.9799319505691528, -0.22407570481300354, 0.08326699584722519, 1.0599173307418823, 0.6261757016181946, -1.3084198236465454, -1.3531999588012695, -2.310580015182495, -0.1379927694797516], [1.0732288360595703, -0.6193453669548035, -1.256705403327942, 0.07637770473957062, -0.5609408617019653, 0.7527292370796204, -0.6749453544616699, -0.24502281844615936, -0.3056013286113739, 1.7238616943359375, -1.295348048210144, -0.4629290699958801, 0.07028169929981232, 0.3818877637386322, 1.500272274017334, 0.18559624254703522, -0.6666827201843262, -1.602298378944397, -1.8448270559310913, -0.9216657876968384], [0.6975855231285095, -0.5754076838493347, -1.0120666027069092, -0.11307220906019211, -0.45954036712646484, 0.6255044341087341, -0.6180596947669983, -0.2835620939731598, -0.1977633684873581, 1.6970186233520508, -1.5952022075653076, -0.8026169538497925, 0.20886598527431488, 0.18755574524402618, 1.5341918468475342, 0.5148515701293945, -0.972490131855011, -1.5683958530426025, -2.0902531147003174, -0.38113170862197876], [-0.49927636981010437, -0.7458337545394897, -1.5711736679077148, -0.2332732230424881, -0.8911889791488647, 0.7551011443138123, -0.6422169208526611, -0.01648099720478058, -0.5777430534362793, 1.8968777656555176, -1.507554054260254, -0.6155551671981812, 0.014363151974976063, 0.22988635301589966, 1.1821550130844116, 0.5347309112548828, -1.139939308166504, -1.5111356973648071, -1.9972344636917114, -0.6717658638954163], [0.282782644033432, -0.6707803010940552, -1.313234567642212, 0.3409616947174072, -0.6085977554321289, 0.8028718829154968, -1.1660964488983154, -0.18257077038288116, -0.813006579875946, 1.7887847423553467, -1.5802459716796875, -0.5613622665405273, 0.06948070973157883, 0.41153666377067566, 1.4209284782409668, 0.48066502809524536, -0.9357278943061829, -1.5604487657546997, -2.2410032749176025, -0.6009172797203064], [-0.32712826132774353, -0.8082501292228699, -1.4788118600845337, -0.5929425954818726, -0.8358959555625916, 0.6507160067558289, -0.8945199847221375, -0.19624938070774078, -0.5626141428947449, 1.8146568536758423, -1.4241582155227661, -0.5756595134735107, 0.1413956880569458, 0.2952243387699127, 1.453534483909607, 0.5178509950637817, -0.7738797664642334, -1.5881030559539795, -2.14251971244812, -0.42610496282577515], [0.18835759162902832, -0.5865784883499146, -1.162289023399353, 0.30880048871040344, -0.49317193031311035, 0.749891996383667, -1.0549664497375488, -0.2855299413204193, -0.4909738600254059, 1.645310640335083, -1.5731028318405151, -0.6180766224861145, 0.04396945610642433, 0.42040273547172546, 1.4488165378570557, 0.40826255083084106, -0.8999485969543457, -1.5767631530761719, -2.2849833965301514, -0.5061212778091431], [-0.4720005691051483, -0.7826837301254272, -1.252450704574585, -0.19092659652233124, -0.602929413318634, 0.5763556361198425, -0.5492339134216309, -0.28782522678375244, -0.09006618708372116, 1.7719180583953857, -1.4908480644226074, -0.8828393220901489, 0.22763541340827942, -0.008071215823292732, 1.438320517539978, 0.41264769434928894, -1.0547645092010498, -1.658286213874817, -2.1703596115112305, -0.31955257058143616], [0.9365414977073669, -0.42482790350914, -1.1133546829223633, 0.010951263830065727, -0.5116278529167175, 0.6893196105957031, -0.7162550687789917, -0.23216021060943604, -0.125325009226799, 1.7736179828643799, -1.667266607284546, -0.7577232122421265, 0.21088342368602753, 0.24325236678123474, 1.5815021991729736, 0.39778319001197815, -0.8533486127853394, -1.582096815109253, -2.1749770641326904, -0.9236966371536255], [-0.00304957153275609, -1.02254056930542, -1.6710222959518433, -0.09901632368564606, -0.9308016300201416, 0.6891414523124695, -0.5251398086547852, -0.19217970967292786, -0.0407881960272789, 1.8714951276779175, -1.5422638654708862, -0.6499557495117188, 0.10846355557441711, 0.22250117361545563, 1.3282028436660767, 0.5320354104042053, -1.3097115755081177, -1.512949824333191, -2.0365042686462402, -0.6912371516227722], [-0.9797380566596985, -0.8355250954627991, -1.5074362754821777, -0.005768695846199989, -0.8184865117073059, 0.7934802770614624, -0.7852411270141602, -0.09230498969554901, -0.6825093030929565, 1.8244563341140747, -1.670237421989441, -0.8051158785820007, -0.05695507675409317, 0.20353712141513824, 1.2132444381713867, 0.5650920867919922, -1.2215920686721802, -1.4702887535095215, -2.256352663040161, -0.26357048749923706], [-0.48941802978515625, -0.751960813999176, -1.5381277799606323, -0.29389137029647827, -0.8686204552650452, 0.6919201612472534, -0.8870816826820374, -0.10874073207378387, -0.5674375891685486, 1.835802435874939, -1.5053373575210571, -0.560604989528656, 0.027858402580022812, 0.3118489384651184, 1.314942717552185, 0.5362070202827454, -0.9709000587463379, -1.548078179359436, -2.119582414627075, -0.4920349419116974], [0.7635502815246582, -0.5734079480171204, -1.1205376386642456, 0.32898032665252686, -0.4814242720603943, 0.7676735520362854, -1.061674952507019, -0.06659304350614548, -0.5591596961021423, 1.887225866317749, -1.2305893898010254, -0.4824303090572357, 0.2614361047744751, 0.37479251623153687, 1.6643004417419434, -0.005779525730758905, -0.3375333547592163, -1.6861252784729004, -1.9265810251235962, -0.7747018337249756], [-0.07023746520280838, -0.9404165148735046, -1.4615154266357422, -0.2797958552837372, -0.8591727614402771, 0.5288147926330566, -0.2842444181442261, -0.13084758818149567, -0.13027344644069672, 1.8226938247680664, -1.6982090473175049, -0.7203282713890076, 0.007116150110960007, 0.14220084249973297, 1.369602084159851, 0.45729056000709534, -1.0858286619186401, -1.702440619468689, -2.07174015045166, -0.5189321637153625], [0.35889288783073425, -0.7659478783607483, -1.549959421157837, 0.1760786771774292, -0.7670048475265503, 0.7892614603042603, -1.0003578662872314, -0.1325773298740387, -0.7144246101379395, 1.8016225099563599, -1.4744616746902466, -0.5804799199104309, 0.04564078524708748, 0.3252947926521301, 1.3354225158691406, 0.5418921709060669, -0.9055761098861694, -1.5466068983078003, -2.1416754722595215, -0.6394238471984863], [-0.23601874709129333, -1.3888810873031616, -1.4498666524887085, 0.026261502876877785, -0.6495754718780518, 0.9933425188064575, -0.8354483842849731, -0.2816944420337677, -0.3049406409263611, 1.5710692405700684, -2.0553174018859863, 0.020499033853411674, -0.5871465802192688, 0.877281129360199, 1.239819884300232, 0.2538447678089142, -0.6118525266647339, -1.2850713729858398, -2.858180046081543, -1.0816560983657837], [0.2840447723865509, -0.1259903609752655, -1.213499665260315, 0.1606910675764084, -0.5039618611335754, 0.6042141318321228, -1.095656394958496, -0.3853006362915039, -0.3226664960384369, 1.4803473949432373, -1.4435056447982788, -0.32653146982192993, 0.09308966994285583, 0.5595279932022095, 1.5078778266906738, 0.17195604741573334, -0.7540924549102783, -1.686297059059143, -2.0523128509521484, -0.9398317337036133], [0.18299566209316254, -0.0017378490883857012, -1.1214194297790527, 0.1215980127453804, -0.4110136926174164, 0.7496160864830017, -1.1449897289276123, -0.48310011625289917, -0.2910482883453369, 1.3525019884109497, -1.3911696672439575, -0.20954199135303497, -0.16658160090446472, 0.6298362612724304, 1.6740952730178833, 0.02779696136713028, -0.6133492588996887, -1.5496362447738647, -2.3488271236419678, -0.9547905325889587]]}]
Evaluating dataset ds_d4_e10_seed1
Fitting ......................................................................................................................................................
Fitting ......................................................................................................................................................
Fitting ......................................................................................................................................................
Fitting ......................................................................................................................................................
Fitting ......................................................................................................................................................
Fitting ......................................................................................................................................................
Fitting ......................................................................................................................................................
Fitting ......................................................................................................................................................
Fitting ......................................................................................................................................................
Fitting ......................................................................................................................................................
Fitting ......................................................................................................................................................
Fitting ......................................................................................................................................................
Fitting ......................................................................................................................................................
Fitting ......................................................................................................................................................
Fitting ......................................................................................................................................................
Fitting ......................................................................................................................................................
Fitting ......................................................................................................................................................
Fitting ......................................................................................................................................................
Fitting ......................................................................................................................................................
Fitting ......................................................................................................................................................
Predicting ...
Predicting ...
Predicting ...
Predicting ...
Predicting ...
Predicting ...
Predicting ...
Predicting ...
Predicting ...
Predicting ...
Predicting ...
Predicting ...
Predicting ...
Predicting ...
Predicting ...
Predicting ...
Predicting ...
Predicting ...
Predicting ...
Predicting ...
Predicting ...
Predicting ...
Predicting ...
Predicting ...
Predicting ...
Predicting ...
Predicting ...
Predicting ...
Predicting ...
Predicting ...
Predicting ...
Predicting ...
Predicting ...
Predicting ...
Predicting ...
Predicting ...
Predicting ...
Predicting ...
Predicting ...
Predicting ...
[{'max_features': 0.5, 'max_samples': 0.2, 'varform': 'tfim', 'layers': 10, 'bagging_mse': 0.21999641969321687, 'bagging_estimators_mse': [0.3313900209367627, 0.24258707926978432, 0.32002607844570813, 0.31423058806312887, 0.32317288458471777, 0.23093533786358847, 0.31554244112138785, 0.1721305083149708, 0.2688853520864562, 0.21369515707113762, 0.27606354480348, 0.38835953612920454, 0.1958092471546913, 0.3248533331461718, 0.37178679128655945, 0.20711268553228265, 0.22973238875255103, 0.3140036439793283, 0.21572345953135344, 0.19763446964153467], 'bagging_estimators_params': [[-0.5274678468704224, -1.3234474658966064, -1.4748207330703735, 0.23715971410274506, -0.8518282771110535, 1.0572155714035034, -0.4226222038269043, 0.2016419917345047, -0.371552437543869, 2.0752949714660645, -1.7517836093902588, -1.018917202949524, 0.07721993327140808, -0.03354984521865845, 1.0257117748260498, 0.6640800833702087, -1.1595920324325562, -1.2461602687835693, -2.454259157180786, -0.19868524372577667], [0.5559783577919006, -0.6256111264228821, -1.2587193250656128, 0.06258828192949295, -0.6222204566001892, 0.6840770244598389, -0.9343944191932678, -0.137581005692482, -0.5477614998817444, 1.8738948106765747, -1.5258643627166748, -0.5833309888839722, 0.061273910105228424, 0.30398911237716675, 1.3857815265655518, 0.3835921585559845, -1.0552109479904175, -1.6150953769683838, -1.8876852989196777, -0.7112961411476135], [0.02654552087187767, -0.9341430068016052, -1.5649298429489136, -0.15595872700214386, -0.9030670523643494, 0.643155574798584, -0.4458453357219696, 0.01213111449033022, -0.2056242674589157, 1.8918358087539673, -1.6752279996871948, -0.6383000612258911, 0.1151791587471962, 0.2181037962436676, 1.1074943542480469, 0.4648872911930084, -1.187470555305481, -1.5948220491409302, -1.9296284914016724, -0.664288341999054], [0.43000328540802, -0.22804683446884155, -1.0538712739944458, 0.12826554477214813, -0.30985456705093384, 0.7496886253356934, -1.085275650024414, -0.28923001885414124, -0.4865030348300934, 1.422067642211914, -1.5281627178192139, -0.36758941411972046, -0.0357939675450325, 0.5402095913887024, 1.3771120309829712, 0.274015873670578, -0.7070080637931824, -1.569338321685791, -2.2793943881988525, -0.8596760630607605], [-0.466406911611557, -1.1499779224395752, -1.4808765649795532, 0.3181702196598053, -0.851441502571106, 0.9578133225440979, -0.7405822277069092, 0.0985163226723671, -0.47500723600387573, 1.9860390424728394, -1.664829134941101, -1.0138545036315918, 0.13064426183700562, -0.05505916103720665, 1.051899790763855, 0.5726441144943237, -1.256022334098816, -1.394848346710205, -2.3528859615325928, -0.21960829198360443], [0.22949928045272827, -0.6860359311103821, -1.0662975311279297, 0.28161975741386414, -0.9315022826194763, 0.8066495656967163, -1.1152993440628052, -0.04737487807869911, -0.44321998953819275, 2.1524555683135986, -1.5392215251922607, -0.41623932123184204, 0.04641733691096306, 0.4704170525074005, 1.3974239826202393, 0.5847246050834656, -0.8682547211647034, -1.5222983360290527, -2.134510040283203, -0.5948553681373596], [-0.057701122015714645, -0.9826442003250122, -1.6630723476409912, -0.09015143662691116, -0.9085440039634705, 0.6983214616775513, -0.5889717936515808, -0.22360268235206604, -0.2381543070077896, 1.8457155227661133, -1.521554946899414, -0.6615018248558044, 0.07313103973865509, 0.21627342700958252, 1.3334839344024658, 0.5109553337097168, -1.3183246850967407, -1.558908462524414, -2.041079521179199, -0.5121884942054749], [1.1333924531936646, -0.6389198899269104, -1.1293566226959229, -0.11447428166866302, -0.5421529412269592, 0.6584283709526062, -0.6835439801216125, -0.2934645712375641, -0.3972634971141815, 1.6513564586639404, -1.5650404691696167, -0.7885386347770691, 0.15417024493217468, 0.22296306490898132, 1.490309476852417, 0.5313946604728699, -1.008529782295227, -1.5677056312561035, -2.0982882976531982, -0.2767823338508606], [-0.7659785151481628, -0.843178927898407, -1.4842489957809448, 0.005668230354785919, -0.8010871410369873, 0.8164017200469971, -0.7436495423316956, -0.10080358386039734, -0.6895776987075806, 1.8088246583938599, -1.6316320896148682, -0.7864832878112793, -0.028422389179468155, 0.20430058240890503, 1.2432423830032349, 0.5590652227401733, -1.1905628442764282, -1.4928369522094727, -2.228134870529175, -0.2778961956501007], [0.20069527626037598, -0.6213623285293579, -1.3933935165405273, 0.036286406219005585, -0.9609420895576477, 0.5997251272201538, -0.6882196068763733, -0.16194374859333038, -0.5178521871566772, 2.09354305267334, -1.4814059734344482, -0.5790111422538757, 0.22626379132270813, 0.28862464427948, 1.5593291521072388, 0.3903338611125946, -0.7566064596176147, -1.6174649000167847, -1.8539313077926636, -0.8020229339599609], [0.8348363041877747, -0.10216870903968811, -1.0147756338119507, 0.14407429099082947, -0.31724974513053894, 0.7843493223190308, -1.077157974243164, -0.30092281103134155, -0.41735583543777466, 1.3318421840667725, -1.6083695888519287, -0.34618180990219116, -0.17252379655838013, 0.5652504563331604, 1.369309425354004, 0.06890887022018433, -0.7213549613952637, -1.5607229471206665, -2.371694326400757, -0.9094389081001282], [0.45832034945487976, -0.033028386533260345, -1.2125688791275024, 0.04067816957831383, -0.5393341183662415, 0.6339923739433289, -0.9634563326835632, -0.3063044548034668, -0.4162302315235138, 1.6037659645080566, -1.4343740940093994, -0.49216246604919434, 0.384998083114624, 0.3900468051433563, 1.7350289821624756, 0.23073579370975494, -0.48140591382980347, -1.60877525806427, -2.12435245513916, -1.1190344095230103], [0.7521413564682007, -0.6632406711578369, -1.094935655593872, -0.0428859144449234, -0.5306306481361389, 0.6853722333908081, -0.7212983965873718, -0.28343522548675537, -0.3978727459907532, 1.6309672594070435, -1.5385793447494507, -0.825864315032959, 0.12677514553070068, 0.21491636335849762, 1.4744993448257446, 0.481123685836792, -0.9691292643547058, -1.5593345165252686, -2.1322171688079834, -0.22191689908504486], [-0.4076842665672302, -0.68764328956604, -1.3716813325881958, -0.15113192796707153, -0.5771971344947815, 0.7094463109970093, -0.5903739929199219, -0.030870739370584488, -0.39957308769226074, 1.999437928199768, -1.6154006719589233, -0.7424492239952087, -0.024203123524785042, 0.11977905035018921, 1.3235054016113281, 0.33234429359436035, -1.1607787609100342, -1.5496419668197632, -1.9180406332015991, -0.6035887598991394], [0.4542199969291687, -0.2961924374103546, -1.0223861932754517, 0.2170541137456894, -0.25334933400154114, 0.7748420238494873, -1.178710699081421, -0.3037683665752411, -0.44219517707824707, 1.6201344728469849, -1.5296094417572021, -0.38025614619255066, -0.031254980713129044, 0.5328741669654846, 1.3839867115020752, 0.2646158039569855, -0.7031101584434509, -1.5727356672286987, -2.231614589691162, -0.8677323460578918], [0.9566407799720764, -0.3853575885295868, -1.162654995918274, 0.35768574476242065, -0.4342447519302368, 0.7669363021850586, -1.4905765056610107, -0.26238003373146057, -0.6394389867782593, 1.5813075304031372, -1.4975738525390625, -0.45168542861938477, 0.03705032169818878, 0.46323615312576294, 1.4267971515655518, 0.289390504360199, -0.9093471765518188, -1.6015175580978394, -2.101776123046875, -0.7937899827957153], [0.384217768907547, -0.6576682925224304, -1.1654266119003296, 0.049999549984931946, -0.40978360176086426, 0.8494298458099365, -0.8094815015792847, -0.4186084270477295, 0.05700582265853882, 1.483405590057373, -1.464318037033081, -0.5360981225967407, -0.1764027327299118, 0.35916033387184143, 1.5179691314697266, 0.15968304872512817, -0.7866678237915039, -1.4615055322647095, -2.16025972366333, -0.704720139503479], [0.31323570013046265, -0.03046463057398796, -1.2401297092437744, -0.045824334025382996, -0.5192502737045288, 0.5704923272132874, -0.9017283916473389, -0.3468487858772278, -0.41651758551597595, 1.5919843912124634, -1.3547929525375366, -0.4876860976219177, 0.52306067943573, 0.4328634440898895, 1.7860872745513916, 0.19755831360816956, -0.3282070755958557, -1.568394422531128, -2.0686845779418945, -1.1740531921386719], [-0.5876296162605286, -0.7230614423751831, -1.495477557182312, -0.343953013420105, -0.7461079359054565, 0.6984778046607971, -0.6072596311569214, -0.11077997833490372, -0.1870066523551941, 2.002680778503418, -1.6469050645828247, -0.7084289193153381, -0.03618361055850983, 0.15037043392658234, 1.27830171585083, 0.375978022813797, -1.158948540687561, -1.500223159790039, -2.0050036907196045, -0.6611239910125732], [0.9553461670875549, -0.5830398797988892, -1.013628602027893, -0.07426098734140396, -0.44641661643981934, 0.6292223930358887, -0.6678032279014587, -0.3137502670288086, -0.2343498021364212, 1.6645913124084473, -1.5727875232696533, -0.8415402770042419, 0.21312479674816132, 0.20952047407627106, 1.5476723909378052, 0.5292661786079407, -0.9260848760604858, -1.5612294673919678, -2.1316399574279785, -0.27766409516334534]]}]
