WARNING:absl:No GPU/TPU found, falling back to CPU. (Set TF_CPP_MIN_LOG_LEVEL=0 and rerun for more info.)
Evaluating dataset ds_d2_e01_seed1
Fitting ......................................................................................................................................................
Fitting ......................................................................................................................................................
Fitting ......................................................................................................................................................
Fitting ......................................................................................................................................................
Fitting ......................................................................................................................................................
Fitting ......................................................................................................................................................
Fitting ......................................................................................................................................................
Fitting ......................................................................................................................................................
Fitting ......................................................................................................................................................
Fitting ......................................................................................................................................................
Fitting ......................................................................................................................................................
Fitting ......................................................................................................................................................
Fitting ......................................................................................................................................................
Fitting ......................................................................................................................................................
Fitting ......................................................................................................................................................
Fitting ......................................................................................................................................................
Fitting ......................................................................................................................................................
Fitting ......................................................................................................................................................
Fitting ......................................................................................................................................................
Fitting ......................................................................................................................................................
Predicting ...
Predicting ...
Predicting ...
Predicting ...
Predicting ...
Predicting ...
Predicting ...
Predicting ...
Predicting ...
Predicting ...
Predicting ...
Predicting ...
Predicting ...
Predicting ...
Predicting ...
Predicting ...
Predicting ...
Predicting ...
Predicting ...
Predicting ...
Predicting ...
Predicting ...
Predicting ...
Predicting ...
Predicting ...
Predicting ...
Predicting ...
Predicting ...
Predicting ...
Predicting ...
Predicting ...
Predicting ...
Predicting ...
Predicting ...
Predicting ...
Predicting ...
Predicting ...
Predicting ...
Predicting ...
Predicting ...
[{'max_features': 0.5, 'max_samples': 0.2, 'varform': 'ltfim', 'layers': 10, 'bagging_mse': 0.05763968056680481, 'bagging_estimators_mse': [0.10948721690723869, 0.06829600919363853, 0.07073632927883834, 0.10019709940038858, 0.10048416652143578, 0.1359679014154525, 0.13072554360734379, 0.09593369679558687, 0.018729863749162762, 0.06305209870517878, 0.06319512138453669, 0.05121463603138622, 0.07779312208216119, 0.14795149083370537, 0.019164514175283674, 0.02405894652426949, 0.104695039732857, 0.10001625209871591, 0.1409423721333971, 0.09365812459222987], 'bagging_estimators_params': [[-0.634329080581665, -0.31470149755477905, -0.024677805602550507, -1.2022080421447754, 0.7686089277267456, 0.7162312269210815, -1.9534157514572144, 1.2901605367660522, 1.1771126985549927, 1.870070457458496, -0.9790853261947632, 1.5132598876953125, -0.5890668034553528, -0.8749997615814209, 0.09823782742023468, -1.944207787513733, -1.2978540658950806, 0.4375808835029602, -0.42766237258911133, 0.971657395362854, -1.282452940940857, -0.09787720441818237, 1.2455569505691528, 0.6081229448318481, -0.45435601472854614, 2.751539945602417, -1.3861171007156372, -0.8127329349517822, 1.4611321687698364, 1.391825556755066], [-0.634329080581665, -0.3442533314228058, 0.10222665965557098, -1.2022080421447754, 0.7963759899139404, 0.7360671162605286, -1.9534157514572144, 1.3265489339828491, 1.1722793579101562, 1.870070457458496, -0.8968047499656677, 1.4847099781036377, -0.5890668034553528, -0.9034848213195801, 0.0014796644682064652, -1.944207787513733, -1.3427351713180542, 0.4260864853858948, -0.42766237258911133, 0.9058868288993835, -1.3221240043640137, -0.09787720441818237, 1.2410762310028076, 0.5770143270492554, -0.45435601472854614, 2.7739059925079346, -1.3649375438690186, -0.8127329349517822, 1.443806529045105, 1.5799758434295654], [-0.634329080581665, -0.25923627614974976, 0.05906805768609047, -1.2022080421447754, 0.9651303887367249, 0.6513382792472839, -1.9534157514572144, 1.45392644405365, 1.1498210430145264, 1.870070457458496, -0.9201309084892273, 1.393680214881897, -0.5890668034553528, -1.097233772277832, 0.009492256678640842, -1.944207787513733, -1.5111408233642578, 0.534018337726593, -0.42766237258911133, 0.4635237455368042, -1.190151333808899, -0.09787720441818237, 1.1014490127563477, 0.9549775719642639, -0.45435601472854614, 2.7590181827545166, -1.7525864839553833, -0.8127329349517822, 1.5418058633804321, 1.2267287969589233], [-0.634329080581665, -0.2055712789297104, 0.3726311922073364, -1.2022080421447754, 0.9038642048835754, 0.7173036932945251, -1.9534157514572144, 1.4289708137512207, 1.0461674928665161, 1.870070457458496, -0.8125620484352112, 1.4152207374572754, -0.5890668034553528, -1.020117998123169, -0.11693872511386871, -1.944207787513733, -1.4333415031433105, 0.48145297169685364, -0.42766237258911133, 0.6461175084114075, -1.263033390045166, -0.09787720441818237, 1.1925992965698242, 0.800603449344635, -0.45435601472854614, 2.9292187690734863, -1.4331589937210083, -0.8127329349517822, 1.5114437341690063, 2.158877372741699], [-0.634329080581665, -0.1993555724620819, 0.002109313616529107, -1.2022080421447754, 0.9091714024543762, 0.6156824231147766, -1.9534157514572144, 1.4050687551498413, 1.1733767986297607, 1.870070457458496, -1.0805093050003052, 1.4193143844604492, -0.5890668034553528, -1.139633059501648, 0.0772768035531044, -1.944207787513733, -1.5412561893463135, 0.5099402070045471, -0.42766237258911133, 0.5282780528068542, -1.200508713722229, -0.09787720441818237, 1.1639785766601562, 0.9546653032302856, -0.45435601472854614, 2.8942129611968994, -1.5520628690719604, -0.8127329349517822, 1.4983164072036743, 1.630436897277832], [-0.634329080581665, -0.31643515825271606, 0.08337472379207611, -1.2022080421447754, 0.8495081067085266, 0.6356346011161804, -1.9534157514572144, 1.3671525716781616, 1.0927094221115112, 1.870070457458496, -1.0130139589309692, 1.4283292293548584, -0.5890668034553528, -0.9952242970466614, 0.020791176706552505, -1.944207787513733, -1.4488675594329834, 0.5099501013755798, -0.42766237258911133, 0.6805742383003235, -1.2121894359588623, -0.09787720441818237, 1.1702252626419067, 0.8147253394126892, -0.45435601472854614, 2.913400411605835, -1.4655277729034424, -0.8127329349517822, 1.544792652130127, 1.6884857416152954], [-0.634329080581665, -0.3116855025291443, 0.19530385732650757, -1.2022080421447754, 0.8777076005935669, 0.5857260227203369, -1.9534157514572144, 1.3598132133483887, 0.9701361656188965, 1.870070457458496, -1.088878870010376, 1.4209085702896118, -0.5890668034553528, -1.011358380317688, 0.015157630667090416, -1.944207787513733, -1.458820104598999, 0.5279906392097473, -0.42766237258911133, 0.5532271862030029, -1.205302357673645, -0.09787720441818237, 1.1673977375030518, 0.9041926860809326, -0.45435601472854614, 2.874990701675415, -1.4714159965515137, -0.8127329349517822, 1.554110050201416, 1.3669556379318237], [-0.634329080581665, -0.3214845359325409, 0.1932106465101242, -1.2022080421447754, 0.8275424838066101, 0.6934423446655273, -1.9534157514572144, 1.3646178245544434, 1.0899991989135742, 1.870070457458496, -0.9223878979682922, 1.4451348781585693, -0.5890668034553528, -0.939885675907135, -0.008534563705325127, -1.944207787513733, -1.3797296285629272, 0.4646051526069641, -0.42766237258911133, 0.7863730788230896, -1.2789689302444458, -0.09787720441818237, 1.2139673233032227, 0.7084193825721741, -0.45435601472854614, 2.805670738220215, -1.4023656845092773, -0.8127329349517822, 1.4800957441329956, 1.7383886575698853], [-0.634329080581665, -0.3017835319042206, -0.26312652230262756, -1.2022080421447754, 0.911537766456604, 0.47029709815979004, -1.9534157514572144, 1.3817065954208374, 0.995718240737915, 1.870070457458496, -1.4206671714782715, 1.372694969177246, -0.5890668034553528, -1.0645300149917603, 0.11799030750989914, -1.944207787513733, -1.4518084526062012, 0.5883204340934753, -0.42766237258911133, 0.5433729290962219, -1.1357133388519287, -0.09787720441818237, 1.1254884004592896, 0.9430485963821411, -0.45435601472854614, 2.8566696643829346, -1.536142349243164, -0.8127329349517822, 1.54824697971344, 1.6352235078811646], [-0.634329080581665, -0.26794710755348206, 0.3866804540157318, -1.2022080421447754, 0.8881500959396362, 0.6854243278503418, -1.9534157514572144, 1.3955820798873901, 0.9681217074394226, 1.870070457458496, -0.8613071441650391, 1.4331517219543457, -0.5890668034553528, -0.9854716658592224, -0.06222100555896759, -1.944207787513733, -1.4189976453781128, 0.47417986392974854, -0.42766237258911133, 0.6048392057418823, -1.2752141952514648, -0.09787720441818237, 1.2033545970916748, 0.8366002440452576, -0.45435601472854614, 2.8583219051361084, -1.4156635999679565, -0.8127329349517822, 1.5144107341766357, 1.3966091871261597], [-0.634329080581665, -0.3149656653404236, 0.16818206012248993, -1.2022080421447754, 0.8316168785095215, 0.6899396181106567, -1.9534157514572144, 1.3713730573654175, 1.1173367500305176, 1.870070457458496, -0.9242460131645203, 1.4406391382217407, -0.5890668034553528, -0.9504798054695129, -0.017408199608325958, -1.944207787513733, -1.3895858526229858, 0.46792203187942505, -0.42766237258911133, 0.7962411642074585, -1.2737457752227783, -0.09787720441818237, 1.2039964199066162, 0.6906031370162964, -0.45435601472854614, 2.8220419883728027, -1.4118953943252563, -0.8127329349517822, 1.4858472347259521, 1.7844250202178955], [-0.634329080581665, -0.34727317094802856, 0.2092944085597992, -1.2022080421447754, 0.8022096157073975, 0.7090449929237366, -1.9534157514572144, 1.3365647792816162, 1.0598698854446411, 1.870070457458496, -0.9275199174880981, 1.4670794010162354, -0.5890668034553528, -0.9045957326889038, 0.03277243673801422, -1.944207787513733, -1.3461623191833496, 0.44714659452438354, -0.42766237258911133, 0.8004743456840515, -1.29790198802948, -0.09787720441818237, 1.244822382926941, 0.7174040079116821, -0.45435601472854614, 2.758507013320923, -1.3762414455413818, -0.8127329349517822, 1.4550821781158447, 1.465408205986023], [-0.634329080581665, -0.3168007433414459, 0.08618558943271637, -1.2022080421447754, 0.826540470123291, 0.6697670221328735, -1.9534157514572144, 1.3569830656051636, 1.1263409852981567, 1.870070457458496, -0.9772941470146179, 1.4466074705123901, -0.5890668034553528, -0.9495943784713745, 0.024130184203386307, -1.944207787513733, -1.388441801071167, 0.4799126982688904, -0.42766237258911133, 0.7953380942344666, -1.2532191276550293, -0.09787720441818237, 1.195988416671753, 0.7033523321151733, -0.45435601472854614, 2.838261365890503, -1.4222790002822876, -0.8127329349517822, 1.5031131505966187, 1.410563588142395], [-0.634329080581665, -0.2887169122695923, 0.1660105288028717, -1.2022080421447754, 0.920362651348114, 0.6954909563064575, -1.9534157514572144, 1.4677304029464722, 1.1280653476715088, 1.870070457458496, -0.8347853422164917, 1.3740770816802979, -0.5890668034553528, -1.0453587770462036, -0.06716260313987732, -1.944207787513733, -1.4540387392044067, 0.5382080078125, -0.42766237258911133, 0.5656460523605347, -1.197481393814087, -0.09787720441818237, 1.07902193069458, 0.8501155972480774, -0.45435601472854614, 2.751328229904175, -1.6632728576660156, -0.8127329349517822, 1.5753657817840576, 1.3760756254196167], [-0.634329080581665, -0.3936283588409424, 0.2608809769153595, -1.2022080421447754, 0.7579413652420044, 0.7866427898406982, -1.9534157514572144, 1.2977612018585205, 1.0709539651870728, 1.870070457458496, -0.8376002907752991, 1.5131970643997192, -0.5890668034553528, -0.8510304093360901, 0.06409192830324173, -1.944207787513733, -1.2980799674987793, 0.3835989832878113, -0.42766237258911133, 0.8691691160202026, -1.364613652229309, -0.09787720441818237, 1.3143490552902222, 0.6972646713256836, -0.45435601472854614, 2.686000108718872, -1.3307874202728271, -0.8127329349517822, 1.3779000043869019, 0.9876672625541687], [-0.634329080581665, -0.24325652420520782, -0.07409916073083878, -1.2022080421447754, 0.6797412633895874, 0.423386812210083, -1.9534157514572144, 1.4680349826812744, 1.3346871137619019, 1.870070457458496, -1.289411187171936, 1.3603519201278687, -0.5890668034553528, -0.9660876989364624, 0.03439343348145485, -1.944207787513733, -1.3175121545791626, 0.6128237247467041, -0.42766237258911133, 0.44578948616981506, -0.930953860282898, -0.09787720441818237, 0.95570969581604, 0.891592800617218, -0.45435601472854614, 2.7118701934814453, -1.6333786249160767, -0.8127329349517822, 1.5631896257400513, 2.0894179344177246], [-0.634329080581665, -0.3483598828315735, 0.09068750590085983, -1.2022080421447754, 0.794493556022644, 0.6940624117851257, -1.9534157514572144, 1.3238376379013062, 1.116953730583191, 1.870070457458496, -0.9753199219703674, 1.4740413427352905, -0.5890668034553528, -0.9069051146507263, 0.05781589448451996, -1.944207787513733, -1.34627103805542, 0.4549923539161682, -0.42766237258911133, 0.8406237959861755, -1.2815067768096924, -0.09787720441818237, 1.2316032648086548, 0.6770829558372498, -0.45435601472854614, 2.7836663722991943, -1.387670874595642, -0.8127329349517822, 1.4706450700759888, 1.3493667840957642], [-0.634329080581665, -0.29600855708122253, 0.2715982496738434, -1.2022080421447754, 0.8528969883918762, 0.6843895316123962, -1.9534157514572144, 1.3806143999099731, 1.0244522094726562, 1.870070457458496, -0.9040452837944031, 1.4349788427352905, -0.5890668034553528, -0.9580221176147461, -0.024872247129678726, -1.944207787513733, -1.3951270580291748, 0.47464436292648315, -0.42766237258911133, 0.7093958258628845, -1.2707691192626953, -0.09787720441818237, 1.2082960605621338, 0.7764052152633667, -0.45435601472854614, 2.8170323371887207, -1.409342646598816, -0.8127329349517822, 1.4947620630264282, 1.5744810104370117], [-0.634329080581665, -0.4185246229171753, -0.10739543288946152, -1.2022080421447754, 0.7019760608673096, 0.6527790427207947, -1.9534157514572144, 1.2413054704666138, 1.0931077003479004, 1.870070457458496, -1.1318130493164062, 1.510675311088562, -0.5890668034553528, -0.814755916595459, 0.22243160009384155, -1.944207787513733, -1.2505122423171997, 0.48070821166038513, -0.42766237258911133, 0.9581208229064941, -1.210344672203064, -0.09787720441818237, 1.2493939399719238, 0.7075599431991577, -0.45435601472854614, 2.766338348388672, -1.3978033065795898, -0.8127329349517822, 1.4885789155960083, 1.849600911140442], [-0.634329080581665, -0.33794617652893066, 0.055828891694545746, -1.2022080421447754, 0.8312160968780518, 0.6415988802909851, -1.9534157514572144, 1.3639730215072632, 1.1297807693481445, 1.870070457458496, -0.999691903591156, 1.4330753087997437, -0.5890668034553528, -0.9869495630264282, 0.031222868710756302, -1.944207787513733, -1.4541374444961548, 0.5087887048721313, -0.42766237258911133, 0.7031418085098267, -1.2068811655044556, -0.09787720441818237, 1.1633464097976685, 0.7906115651130676, -0.45435601472854614, 2.931384563446045, -1.4752764701843262, -0.8127329349517822, 1.5473753213882446, 1.0979399681091309]]}]
Evaluating dataset ds_d2_e10_seed1
Fitting ......................................................................................................................................................
Fitting ......................................................................................................................................................
Fitting ......................................................................................................................................................
Fitting ......................................................................................................................................................
Fitting ......................................................................................................................................................
Fitting ......................................................................................................................................................
Fitting ......................................................................................................................................................
Fitting ......................................................................................................................................................
Fitting ......................................................................................................................................................
Fitting ......................................................................................................................................................
Fitting ......................................................................................................................................................
Fitting ......................................................................................................................................................
Fitting ......................................................................................................................................................
Fitting ......................................................................................................................................................
Fitting ......................................................................................................................................................
Fitting ......................................................................................................................................................
Fitting ......................................................................................................................................................
Fitting ......................................................................................................................................................
Fitting ......................................................................................................................................................
Fitting ......................................................................................................................................................
Predicting ...
Predicting ...
Predicting ...
Predicting ...
Predicting ...
Predicting ...
Predicting ...
Predicting ...
Predicting ...
Predicting ...
Predicting ...
Predicting ...
Predicting ...
Predicting ...
Predicting ...
Predicting ...
Predicting ...
Predicting ...
Predicting ...
Predicting ...
Predicting ...
Predicting ...
Predicting ...
Predicting ...
Predicting ...
Predicting ...
Predicting ...
Predicting ...
Predicting ...
Predicting ...
Predicting ...
Predicting ...
Predicting ...
Predicting ...
Predicting ...
Predicting ...
Predicting ...
Predicting ...
Predicting ...
Predicting ...
[{'max_features': 0.5, 'max_samples': 0.2, 'varform': 'ltfim', 'layers': 10, 'bagging_mse': 0.14177663144324476, 'bagging_estimators_mse': [0.10299679566722734, 0.11271165076412414, 0.2666846826645053, 0.10306467775534595, 0.12825828542224893, 0.16150075038032802, 0.13970470627505185, 0.14077700908370028, 0.26349014329603754, 0.2605276649726451, 0.2614933772396158, 0.25569694262816745, 0.13235821025489936, 0.12029409199428734, 0.26909069473788444, 0.2632320741965837, 0.11919462839687879, 0.10097902115510259, 0.11105859066522687, 0.25401601409245084], 'bagging_estimators_params': [[-0.634329080581665, -0.21780623495578766, -0.29995039105415344, -1.2022080421447754, 0.9622090458869934, 0.41317448019981384, -1.9534157514572144, 1.3929119110107422, 1.177718997001648, 1.870070457458496, -1.4377683401107788, 1.3878506422042847, -0.5890668034553528, -1.1319547891616821, 0.19385039806365967, -1.944207787513733, -1.5524519681930542, 0.5631150603294373, -0.42766237258911133, 0.4514227509498596, -1.1550841331481934, -0.09787720441818237, 1.1522666215896606, 1.0630100965499878, -0.45435601472854614, 2.896746873855591, -1.5387327671051025, -0.8127329349517822, 1.4962772130966187, 2.3880341053009033], [-0.634329080581665, -0.133027583360672, -0.6803708672523499, -1.2022080421447754, 0.9575073719024658, 0.5472403764724731, -1.9534157514572144, 1.2094439268112183, 1.5663211345672607, 1.870070457458496, -1.3567414283752441, 1.6740866899490356, -0.5890668034553528, -1.2201578617095947, 0.6975234150886536, -1.944207787513733, -1.7361418008804321, 0.3039255142211914, -0.42766237258911133, 0.13976691663265228, -1.3916014432907104, -0.09787720441818237, 1.4301875829696655, 1.342327356338501, -0.45435601472854614, 2.5038058757781982, -1.472335696220398, -0.8127329349517822, 1.1075679063796997, 1.8700909614562988], [-0.634329080581665, -0.3197384774684906, 0.6610136032104492, -1.2022080421447754, 0.9119008779525757, 0.8972086906433105, -1.9534157514572144, 1.5950617790222168, 1.227701187133789, 1.870070457458496, -0.5095852613449097, 1.3646267652511597, -0.5890668034553528, -0.6563379168510437, -0.48964300751686096, -1.944207787513733, -1.1790059804916382, 0.3496529459953308, -0.42766237258911133, 0.8953958749771118, -1.4181536436080933, -0.09787720441818237, 1.417936086654663, 0.4149519205093384, -0.45435601472854614, 2.6910006999969482, -1.0694154500961304, -0.8127329349517822, 1.516235113143921, 1.226250410079956], [-0.634329080581665, -0.22162362933158875, -0.30403125286102295, -1.2022080421447754, 0.9665511846542358, 0.3965069651603699, -1.9534157514572144, 1.3956480026245117, 1.1622408628463745, 1.870070457458496, -1.4494961500167847, 1.383097529411316, -0.5890668034553528, -1.121793508529663, 0.1884656399488449, -1.944207787513733, -1.5428225994110107, 0.5658385753631592, -0.42766237258911133, 0.4660140872001648, -1.1547636985778809, -0.09787720441818237, 1.1504809856414795, 1.0555518865585327, -0.45435601472854614, 2.8959619998931885, -1.532985806465149, -0.8127329349517822, 1.4972237348556519, 1.2749732732772827], [-0.634329080581665, -0.13696108758449554, -0.15041357278823853, -1.2022080421447754, 0.9837737083435059, 0.5910267233848572, -1.9534157514572144, 1.3788964748382568, 1.3222992420196533, 1.870070457458496, -1.0952887535095215, 1.462887167930603, -0.5890668034553528, -1.1713025569915771, 0.21237251162528992, -1.944207787513733, -1.6402463912963867, 0.47736138105392456, -0.42766237258911133, 0.35689154267311096, -1.2352479696273804, -0.09787720441818237, 1.2247642278671265, 1.1046983003616333, -0.45435601472854614, 2.7676916122436523, -1.490968108177185, -0.8127329349517822, 1.40830397605896, 1.5325523614883423], [-0.634329080581665, -0.2626398801803589, 0.02950461581349373, -1.2022080421447754, 0.7929644584655762, 0.7975702881813049, -1.9534157514572144, 1.2879096269607544, 1.2072149515151978, 1.870070457458496, -0.8706687092781067, 1.5513637065887451, -0.5890668034553528, -0.8631232380867004, 0.012587917037308216, -1.944207787513733, -1.2659088373184204, 0.38326162099838257, -0.42766237258911133, 1.0837123394012451, -1.3466124534606934, -0.09787720441818237, 1.302139163017273, 0.532629668712616, -0.45435601472854614, 2.6738240718841553, -1.327957034111023, -0.8127329349517822, 1.394973874092102, 1.4453705549240112], [-0.634329080581665, -0.3875371515750885, 0.7395404577255249, -1.2022080421447754, 0.7281776070594788, 1.0022364854812622, -1.9534157514572144, 1.325024962425232, 1.0138405561447144, 1.870070457458496, -0.2936665415763855, 1.525654911994934, -0.5890668034553528, -0.7495447993278503, -0.15761445462703705, -1.944207787513733, -1.2149258852005005, 0.2631770670413971, -0.42766237258911133, 0.9514265656471252, -1.522843360900879, -0.09787720441818237, 1.4165223836898804, 0.5808750987052917, -0.45435601472854614, 2.708549976348877, -1.1446397304534912, -0.8127329349517822, 1.3182356357574463, 1.468224287033081], [-0.634329080581665, -0.34242913126945496, -0.26628029346466064, -1.2022080421447754, 1.023772120475769, 0.36231517791748047, -1.9534157514572144, 1.4105663299560547, 1.3138552904129028, 1.870070457458496, -1.506840467453003, 1.412966251373291, -0.5890668034553528, -1.1635550260543823, 0.24155160784721375, -1.944207787513733, -1.4674588441848755, 0.6033557057380676, -0.42766237258911133, 0.14269854128360748, -0.908899188041687, -0.09787720441818237, 1.0620982646942139, 1.1940255165100098, -0.45435601472854614, 2.921684503555298, -2.218618869781494, -0.8127329349517822, 1.5294971466064453, 1.0065946578979492], [-0.634329080581665, -0.3940838575363159, -0.2633152902126312, -1.2022080421447754, 1.0080897808074951, 0.3726808726787567, -1.9534157514572144, 1.3694872856140137, 1.3122849464416504, 1.870070457458496, -1.388588547706604, 1.4502971172332764, -0.5890668034553528, -1.1561516523361206, 0.238581582903862, -1.944207787513733, -1.4829918146133423, 0.6276341080665588, -0.42766237258911133, 0.0995253250002861, -0.8346012830734253, -0.09787720441818237, 1.0587629079818726, 1.1965173482894897, -0.45435601472854614, 2.964823007583618, -2.243330478668213, -0.8127329349517822, 1.5373284816741943, 1.888492226600647], [-0.634329080581665, -0.3759855031967163, -0.2602232098579407, -1.2022080421447754, 1.0132744312286377, 0.3476681709289551, -1.9534157514572144, 1.4036195278167725, 1.295960545539856, 1.870070457458496, -1.476702094078064, 1.4099138975143433, -0.5890668034553528, -1.1558806896209717, 0.236384779214859, -1.944207787513733, -1.4626760482788086, 0.6332694888114929, -0.42766237258911133, 0.11842627823352814, -0.8555042147636414, -0.09787720441818237, 1.0467363595962524, 1.1776947975158691, -0.45435601472854614, 2.941584587097168, -2.2085700035095215, -0.8127329349517822, 1.5475878715515137, 1.6482893228530884], [-0.634329080581665, -0.3421562910079956, -0.3057382106781006, -1.2022080421447754, 0.9809390306472778, 0.44528090953826904, -1.9534157514572144, 1.335092544555664, 1.3560339212417603, 1.870070457458496, -1.341374397277832, 1.494470238685608, -0.5890668034553528, -1.1318691968917847, 0.3068042993545532, -1.944207787513733, -1.5066999197006226, 0.5156576037406921, -0.42766237258911133, 0.12937815487384796, -1.0038996934890747, -0.09787720441818237, 1.1453070640563965, 1.3008527755737305, -0.45435601472854614, 2.9193830490112305, -2.1520493030548096, -0.8127329349517822, 1.43980073928833, 1.898269534111023], [-0.634329080581665, -0.2455710619688034, 0.6951735019683838, -1.2022080421447754, 1.1811431646347046, 0.748479962348938, -1.9534157514572144, 1.7147799730300903, 1.0753673315048218, 1.870070457458496, -0.6917197704315186, 1.1639660596847534, -0.5890668034553528, -0.7050203680992126, -0.45520690083503723, -1.944207787513733, -1.2171893119812012, 0.5543917417526245, -0.42766237258911133, 1.0418455600738525, -1.227378487586975, -0.09787720441818237, 1.1375739574432373, 0.3562604486942291, -0.45435601472854614, 2.77998423576355, -1.283597707748413, -0.8127329349517822, 1.5964117050170898, 1.1007959842681885], [-0.634329080581665, -0.23308978974819183, -0.2765239179134369, -1.2022080421447754, 0.9758537411689758, 0.3267521858215332, -1.9534157514572144, 1.4105288982391357, 1.1385211944580078, 1.870070457458496, -1.5588302612304688, 1.357020616531372, -0.5890668034553528, -1.1119658946990967, 0.14467136561870575, -1.944207787513733, -1.519943118095398, 0.5785592198371887, -0.42766237258911133, 0.5161325335502625, -1.1453688144683838, -0.09787720441818237, 1.1235754489898682, 1.0819073915481567, -0.45435601472854614, 2.891554594039917, -1.5405583381652832, -0.8127329349517822, 1.5188407897949219, 1.2124265432357788], [-0.634329080581665, -0.264680951833725, -0.6043936014175415, -1.2022080421447754, 0.9966413378715515, 0.37477025389671326, -1.9534157514572144, 1.3259811401367188, 1.4512321949005127, 1.870070457458496, -1.4971319437026978, 1.5054035186767578, -0.5890668034553528, -1.1877590417861938, 0.4549914002418518, -1.944207787513733, -1.6128919124603271, 0.53314608335495, -0.42766237258911133, 0.07877195626497269, -1.0439623594284058, -0.09787720441818237, 1.2077261209487915, 1.5942273139953613, -0.45435601472854614, 2.903376817703247, -2.086487054824829, -0.8127329349517822, 1.3640769720077515, 1.525679588317871], [-0.634329080581665, -0.4584100544452667, -0.19992254674434662, -1.2022080421447754, 1.0241776704788208, 0.19234296679496765, -1.9534157514572144, 1.478834867477417, 1.182657241821289, 1.870070457458496, -1.723429560661316, 1.3054661750793457, -0.5890668034553528, -1.2064298391342163, 0.1360689401626587, -1.944207787513733, -1.4278644323349, 0.7712230086326599, -0.42766237258911133, 0.21188387274742126, -0.7776615023612976, -0.09787720441818237, 0.8874065279960632, 0.9801589250564575, -0.45435601472854614, 2.9388387203216553, -2.0031628608703613, -0.8127329349517822, 1.6998368501663208, 1.2239998579025269], [-0.634329080581665, -0.3566424250602722, -0.31854113936424255, -1.2022080421447754, 1.0074913501739502, 0.33785372972488403, -1.9534157514572144, 1.42013418674469, 1.2998433113098145, 1.870070457458496, -1.5811880826950073, 1.3925154209136963, -0.5890668034553528, -1.2101346254348755, 0.26005953550338745, -1.944207787513733, -1.4596116542816162, 0.6046131253242493, -0.42766237258911133, 0.14008204638957977, -0.9562249779701233, -0.09787720441818237, 1.045727014541626, 1.1803587675094604, -0.45435601472854614, 2.9075047969818115, -2.0812087059020996, -0.8127329349517822, 1.5375139713287354, 1.4038207530975342], [-0.634329080581665, -0.27296262979507446, -0.22682036459445953, -1.2022080421447754, 0.8977416753768921, 0.4530680179595947, -1.9534157514572144, 1.3817237615585327, 1.06505286693573, 1.870070457458496, -1.5343830585479736, 1.3797857761383057, -0.5890668034553528, -1.0904712677001953, 0.14762741327285767, -1.944207787513733, -1.4580583572387695, 0.5951082110404968, -0.42766237258911133, 0.6247128844261169, -1.1065703630447388, -0.09787720441818237, 1.113003134727478, 0.9093108773231506, -0.45435601472854614, 2.876812219619751, -1.564488410949707, -0.8127329349517822, 1.5592042207717896, 1.4338767528533936], [-0.634329080581665, -0.16398191452026367, -0.28043133020401, -1.2022080421447754, 1.0135704278945923, 0.3560921251773834, -1.9534157514572144, 1.4079084396362305, 1.287642240524292, 1.870070457458496, -1.4513105154037476, 1.3800461292266846, -0.5890668034553528, -1.1224766969680786, 0.2281317114830017, -1.944207787513733, -1.5811865329742432, 0.5598890781402588, -0.42766237258911133, 0.36837801337242126, -1.1725810766220093, -0.09787720441818237, 1.1849265098571777, 1.1477148532867432, -0.45435601472854614, 2.8257741928100586, -1.5001879930496216, -0.8127329349517822, 1.4510747194290161, 1.2838462591171265], [-0.634329080581665, -0.134505495429039, -0.21760264039039612, -1.2022080421447754, 0.999514102935791, 0.5564559102058411, -1.9534157514572144, 1.375733494758606, 1.355079174041748, 1.870070457458496, -1.1626890897750854, 1.4637326002120972, -0.5890668034553528, -1.174028754234314, 0.2519412338733673, -1.944207787513733, -1.6447731256484985, 0.4797421991825104, -0.42766237258911133, 0.33724868297576904, -1.2327826023101807, -0.09787720441818237, 1.2308498620986938, 1.1302905082702637, -0.45435601472854614, 2.746403932571411, -1.489637017250061, -0.8127329349517822, 1.3990989923477173, 2.1837832927703857], [-0.634329080581665, -0.2664540708065033, -0.3481298089027405, -1.2022080421447754, 0.960733950138092, 0.2894803285598755, -1.9534157514572144, 1.356518030166626, 1.2481931447982788, 1.870070457458496, -1.4419301748275757, 1.435142993927002, -0.5890668034553528, -1.1365844011306763, 0.25871074199676514, -1.944207787513733, -1.680121660232544, 0.5209947228431702, -0.42766237258911133, 0.007877165451645851, -1.1906322240829468, -0.09787720441818237, 1.170013427734375, 1.3994321823120117, -0.45435601472854614, 2.4635066986083984, -1.6019971370697021, -0.8127329349517822, 1.4707245826721191, 1.3339673280715942]]}]
Evaluating dataset ds_d4_e01_seed1
Fitting ......................................................................................................................................................
Fitting ......................................................................................................................................................
Fitting ......................................................................................................................................................
Fitting ......................................................................................................................................................
Fitting ......................................................................................................................................................
Fitting ......................................................................................................................................................
Fitting ......................................................................................................................................................
Fitting ......................................................................................................................................................
Fitting ......................................................................................................................................................
Fitting ......................................................................................................................................................
Fitting ......................................................................................................................................................
Fitting ......................................................................................................................................................
Fitting ......................................................................................................................................................
Fitting ......................................................................................................................................................
Fitting ......................................................................................................................................................
Fitting ......................................................................................................................................................
Fitting ......................................................................................................................................................
Fitting ......................................................................................................................................................
Fitting ......................................................................................................................................................
Fitting ......................................................................................................................................................
Predicting ...
Predicting ...
Predicting ...
Predicting ...
Predicting ...
Predicting ...
Predicting ...
Predicting ...
Predicting ...
Predicting ...
Predicting ...
Predicting ...
Predicting ...
Predicting ...
Predicting ...
Predicting ...
Predicting ...
Predicting ...
Predicting ...
Predicting ...
Predicting ...
Predicting ...
Predicting ...
Predicting ...
Predicting ...
Predicting ...
Predicting ...
Predicting ...
Predicting ...
Predicting ...
Predicting ...
Predicting ...
Predicting ...
Predicting ...
Predicting ...
Predicting ...
Predicting ...
Predicting ...
Predicting ...
Predicting ...
[{'max_features': 0.5, 'max_samples': 0.2, 'varform': 'ltfim', 'layers': 10, 'bagging_mse': 0.16550867937217822, 'bagging_estimators_mse': [0.21391120816277487, 0.1824871288946692, 0.2485846105324834, 0.16805155151182352, 0.18075511141802927, 0.19129573523097063, 0.20289957432233166, 0.2050319650545585, 0.11441100297722206, 0.12678093844619062, 0.2637443985457495, 0.21538281826288905, 0.2206345947126394, 0.23079488603358173, 0.15323069022703018, 0.22710062210428436, 0.19852974973353577, 0.22572233006310433, 0.2519071117899674, 0.2334184069529338], 'bagging_estimators_params': [[-0.3688044548034668, -1.0798307657241821, 0.9928512573242188, -0.8720282912254333, 0.9421766996383667, 0.8465961217880249, -1.6880879402160645, 1.351225733757019, 1.1414107084274292, 2.008453369140625, -1.362971544265747, 1.1005771160125732, -0.6174827814102173, -0.7577522397041321, 0.179446741938591, -1.5706013441085815, -1.39621102809906, 0.16342614591121674, -0.42270252108573914, 0.5733044147491455, -1.610751986503601, -0.22743117809295654, 0.5912418365478516, 0.8257688879966736, -0.27317318320274353, 2.4268274307250977, -1.439437747001648, -0.4208446741104126, 1.3342784643173218, 1.5016212463378906], [-2.06471848487854, -0.028271008282899857, 1.0009161233901978, -1.1292169094085693, 0.12181195616722107, 1.0321189165115356, -2.334475517272949, 1.7047547101974487, 0.35761743783950806, 2.4136297702789307, -1.3767439126968384, 1.1712565422058105, -0.8375259637832642, -0.31226885318756104, -0.13932061195373535, -2.6236660480499268, -1.5354818105697632, 0.5260891318321228, -0.7004383206367493, 0.6480699777603149, -1.407857060432434, 0.24674758315086365, 0.13623608648777008, 0.651382327079773, -0.25911009311676025, 2.349846363067627, -1.164239525794983, -0.5756932497024536, 1.441390037536621, 1.5663018226623535], [-0.7392438650131226, -0.28464239835739136, 0.055243801325559616, -0.8514465689659119, 0.4563036262989044, 0.683280885219574, -2.0426836013793945, 1.5678627490997314, 0.6275175213813782, 2.289877414703369, -1.2414631843566895, 1.1650385856628418, -0.6753766536712646, -0.07472053170204163, -0.21247318387031555, -1.9755268096923828, -1.840891718864441, 0.4909651279449463, -1.0065661668777466, 0.3857197165489197, -1.2586989402770996, -0.10141906142234802, 0.4588952958583832, 0.9375965595245361, -0.05372144654393196, 2.336014747619629, -1.2743889093399048, -1.2075873613357544, 1.2892330884933472, 1.0748591423034668], [-1.884696125984192, -0.7540915012359619, -0.020744089037179947, -1.4017153978347778, 0.8236528635025024, 0.7881940007209778, -1.895201325416565, 1.5726089477539062, 0.6105672717094421, 1.7792998552322388, -1.3226768970489502, 0.9688116908073425, -0.7821522951126099, -0.42649558186531067, -0.32783517241477966, -2.5335941314697266, -1.5862233638763428, 0.11819986999034882, -0.6652852892875671, 0.579621434211731, -1.5149301290512085, -0.12046587467193604, 1.450864315032959, 0.8180016875267029, -0.36324459314346313, 2.548485279083252, -1.0893568992614746, -0.9567079544067383, 1.3872874975204468, 1.6614447832107544], [-0.8432877063751221, -0.4054661989212036, -0.2022397816181183, -1.2289209365844727, 0.93959641456604, 0.6292495131492615, -2.067777156829834, 1.5610051155090332, 0.7190064191818237, 2.1404218673706055, -1.304818034172058, 1.0502351522445679, -0.6017882823944092, -0.7788413166999817, -0.38111403584480286, -2.0394656658172607, -1.4047157764434814, 0.31326091289520264, -0.4090918004512787, 0.7440813779830933, -1.4509035348892212, 0.1653042733669281, 0.8123837113380432, 0.5643592476844788, 0.04326087608933449, 2.6433002948760986, -0.9038158059120178, -0.6715306043624878, 1.4707701206207275, 1.7158048152923584], [-0.5518243908882141, -0.7769808173179626, 0.5577367544174194, -0.9372103214263916, 0.5168014764785767, 0.5097185969352722, -2.0335612297058105, 0.8722764253616333, 1.5650053024291992, 1.6102714538574219, -1.6652528047561646, 1.0516916513442993, -0.24105030298233032, -1.8432310819625854, 0.6036686897277832, -1.477777123451233, -0.9124882221221924, 0.5827560424804688, 0.2737787365913391, 0.8862509727478027, -0.9733253121376038, 0.19077308475971222, 1.5098222494125366, 0.8579566478729248, -0.8303231000900269, 3.0679500102996826, -1.8712174892425537, -0.6720523834228516, 1.8040144443511963, 1.269268274307251], [-0.02713523432612419, -1.2171484231948853, 0.330217570066452, -0.9719218611717224, 0.8425876498222351, 0.77066570520401, -1.3425726890563965, 1.4387385845184326, 0.7505064606666565, 1.7011889219284058, -1.427410364151001, 0.8129851222038269, -0.7476180195808411, -0.4041668772697449, -0.02651464007794857, -2.532822370529175, -1.7211641073226929, 0.1668214350938797, -0.01748214103281498, 0.2622126340866089, -1.67466139793396, 0.03136036917567253, 0.8548946976661682, 1.0305472612380981, 0.1148531511425972, 2.2313077449798584, -1.548826813697815, -0.6525343060493469, 1.3098576068878174, 1.1950969696044922], [-1.4805487394332886, -0.10923008620738983, 0.47624456882476807, -0.8855219483375549, 0.28102293610572815, 0.9820826649665833, -2.307756185531616, 1.423700213432312, 0.4021386504173279, 2.353273391723633, -1.1195597648620605, 0.9289591312408447, -0.9690551161766052, -0.13099513947963715, -0.5299668908119202, -2.4300076961517334, -2.0351879596710205, 0.3538737893104553, -0.9426370859146118, 0.3138796389102936, -1.5331281423568726, -0.08058442920446396, 0.10283688455820084, 0.7444850206375122, 0.011396204121410847, 2.128119707107544, -0.9893036484718323, -0.6310990452766418, 1.2935774326324463, 2.2291476726531982], [-0.6052123308181763, -0.5486602187156677, 0.00732417032122612, -0.9336295127868652, 0.02533063292503357, 0.7288824319839478, -2.2208735942840576, 1.3625614643096924, 0.645102858543396, 2.3416738510131836, -1.119162678718567, 1.1005903482437134, -0.8060372471809387, -0.19991503655910492, -0.2392522692680359, -2.412055730819702, -1.7873183488845825, 0.6509755253791809, -1.3362537622451782, 0.48232048749923706, -1.209262728691101, -0.11940665543079376, 0.22053971886634827, 0.9304024577140808, -0.10561060160398483, 2.31131649017334, -1.4270374774932861, -0.6175320148468018, 1.4331848621368408, 1.6268024444580078], [-0.7600197792053223, -0.4849358797073364, 0.4460785984992981, -1.0790728330612183, 0.7749287486076355, 0.9774836301803589, -2.1500298976898193, 1.3368151187896729, 0.2795800268650055, 2.259856700897217, -1.3726025819778442, 0.9354550838470459, -0.8814936876296997, 0.0207658838480711, -0.5066617131233215, -2.4425442218780518, -1.8288651704788208, 0.16406214237213135, -0.7223442196846008, 0.5141010284423828, -1.6812827587127686, -0.053138766437768936, 0.818486750125885, 0.5182977914810181, -0.10813239961862564, 2.322040319442749, -0.666623055934906, -0.2162245661020279, 1.3490530252456665, 1.846051573753357], [0.17842277884483337, -0.6850357055664062, -0.7219715714454651, -1.2996270656585693, 0.7043097019195557, 0.5678149461746216, -1.5100104808807373, 1.6732022762298584, 0.8662334680557251, 2.192586660385132, -1.3985629081726074, 1.0920888185501099, -0.7376325130462646, -0.8920276165008545, -0.5990462899208069, -2.2212131023406982, -1.664928913116455, 0.257341593503952, -0.5099703073501587, 0.5561062693595886, -1.5240051746368408, 0.1277274638414383, 0.8262923359870911, 0.7425445318222046, -0.05048540607094765, 2.4464545249938965, -0.8674322962760925, -0.2838784158229828, 1.3166810274124146, 1.0531785488128662], [-1.0588773488998413, -0.32056599855422974, -0.9900171160697937, -1.4214824438095093, 0.9310039281845093, 0.3599666357040405, -1.997800588607788, 1.6677991151809692, 0.729459822177887, 1.833336353302002, -1.1194831132888794, 1.2887552976608276, -0.7607579231262207, -0.41892009973526, -0.5137574672698975, -2.401261806488037, -1.5730876922607422, 0.3224216401576996, -0.7166478037834167, 0.7323306798934937, -1.3381340503692627, 0.13709872961044312, 2.1236939430236816, 0.8896245360374451, -0.48126253485679626, 2.650984764099121, -1.1868807077407837, -0.7406720519065857, 1.1668150424957275, 1.4927018880844116], [-1.3393090963363647, -0.3842237889766693, 0.3927057385444641, -1.1751773357391357, 0.8564479351043701, 0.6267120838165283, -2.1495373249053955, 1.6015594005584717, 0.6130250692367554, 2.5581789016723633, -1.449777364730835, 1.0673009157180786, -0.6953980922698975, -0.393034428358078, -0.5558257102966309, -2.869176149368286, -1.5704766511917114, 0.5372675657272339, -0.5043020248413086, 0.7972549796104431, -1.3397852182388306, 0.24691182374954224, 0.40180209279060364, 0.5967351794242859, -0.10746948421001434, 2.4886205196380615, -1.1302740573883057, -0.21919460594654083, 1.6574225425720215, 1.9661263227462769], [-1.2188959121704102, -0.3989545404911041, -0.19747069478034973, -1.4235531091690063, 0.5601412653923035, 0.6390213966369629, -1.8783283233642578, 2.509319305419922, 0.7903873324394226, 2.708009719848633, -1.3553221225738525, 1.4059300422668457, -0.8109288811683655, -0.6271873712539673, 0.33170533180236816, -2.643690824508667, -1.5322258472442627, 0.3710196614265442, -0.9585206508636475, 0.5201124548912048, -1.3126968145370483, -0.2225564867258072, 1.367037296295166, 0.9088351726531982, -0.6215130090713501, 2.5317587852478027, -1.1769779920578003, -0.9162672162055969, 1.1470617055892944, 1.7475711107254028], [-0.7667207717895508, -0.7414745688438416, 0.20671963691711426, -1.1607941389083862, 0.6142298579216003, 0.8346786499023438, -1.732764720916748, 1.5859942436218262, 0.8820767998695374, 2.266049385070801, -1.4256571531295776, 0.8766993284225464, -0.7047384977340698, -1.106891393661499, -0.3828640580177307, -2.2827529907226562, -1.4924405813217163, 0.3287615478038788, -0.4657440483570099, 0.6348220705986023, -1.456323266029358, -0.11836336553096771, 0.6542269587516785, 0.7063418626785278, 0.07819967716932297, 2.5123684406280518, -1.1289125680923462, -0.829490065574646, 1.2179601192474365, 1.3494502305984497], [-1.270416498184204, -0.49223974347114563, -0.4273914396762848, -1.3812826871871948, 1.1696069240570068, 0.5250471234321594, -2.4271624088287354, 1.1570338010787964, 0.6607088446617126, 1.4971606731414795, -1.3360427618026733, 0.9897069334983826, -0.44824734330177307, -1.156768560409546, -0.3739258348941803, -1.550028920173645, -1.26699960231781, 0.41695576906204224, -0.5629130601882935, 0.7526692152023315, -1.3417047262191772, -0.01925702579319477, 0.8241490125656128, 0.6406289935112, 0.2834886908531189, 2.6182987689971924, -1.1868482828140259, -0.6487066745758057, 1.6351324319839478, 1.6055140495300293], [-0.29725345969200134, -0.8764174580574036, 0.5355265736579895, -0.94436115026474, 1.056988000869751, 0.8080586194992065, -1.7065008878707886, 1.0394866466522217, 0.9480484127998352, 1.8993983268737793, -1.5844074487686157, 1.0179088115692139, -0.5070689916610718, -1.07098388671875, 0.12938621640205383, -1.9832011461257935, -1.4347822666168213, 0.4053014814853668, 0.15207363665103912, 0.43617039918899536, -1.4000176191329956, 0.20013844966888428, 0.7620074152946472, 1.0416004657745361, -0.4116661548614502, 2.418086290359497, -1.7225532531738281, -0.7620866298675537, 1.4217720031738281, 1.4687613248825073], [-1.5410335063934326, -0.18418540060520172, 0.566024124622345, -1.1446542739868164, 0.2712714970111847, 0.9034914970397949, -2.236967086791992, 1.5349149703979492, 0.46551844477653503, 2.340000867843628, -1.3376386165618896, 1.0315641164779663, -0.8478597402572632, -0.13239485025405884, -0.37139448523521423, -2.257174015045166, -1.8255680799484253, 0.26754820346832275, -1.0528000593185425, 0.45495903491973877, -1.589887261390686, -0.06014250963926315, 0.3316754698753357, 0.6880161166191101, -0.20671994984149933, 2.30419659614563, -0.9359718561172485, -0.4550926089286804, 1.3618056774139404, 2.097947597503662], [-1.2787322998046875, -0.05975919961929321, 1.1442407369613647, -1.4646679162979126, 1.3042718172073364, 0.7364608645439148, -2.1224889755249023, 1.7635996341705322, 0.34392887353897095, 2.8762779235839844, -2.098985195159912, 0.8922564387321472, -0.34234723448753357, -1.1184501647949219, -0.6477041244506836, -2.2126429080963135, -1.2380720376968384, 0.46113958954811096, 0.31466981768608093, 0.8888192772865295, -1.5221683979034424, 0.1336800754070282, 0.455903559923172, 0.30368608236312866, -0.40870121121406555, 2.673489809036255, -0.5817185044288635, -0.9262235760688782, 1.8010988235473633, 1.8163233995437622], [-1.5076091289520264, -0.3469981849193573, -0.12549789249897003, -1.6042226552963257, 0.7427883148193359, 0.3179362118244171, -2.0085813999176025, 1.6620041131973267, 1.2475559711456299, 1.9814025163650513, -1.2386873960494995, 1.56161367893219, -0.6050589680671692, -1.0157994031906128, -0.36889201402664185, -2.60359787940979, -1.520336389541626, 0.5892999172210693, -0.6142467856407166, 0.5700864791870117, -1.2107720375061035, -0.2710147202014923, 0.4745543897151947, 0.8516592979431152, -0.7900428175926208, 2.3924665451049805, -1.3670369386672974, -1.1897252798080444, 1.257103681564331, 2.085033893585205]]}]
Evaluating dataset ds_d4_e10_seed1
Fitting ......................................................................................................................................................
Fitting ......................................................................................................................................................
Fitting ......................................................................................................................................................
Fitting ......................................................................................................................................................
Fitting ......................................................................................................................................................
Fitting ......................................................................................................................................................
Fitting ......................................................................................................................................................
Fitting ......................................................................................................................................................
Fitting ......................................................................................................................................................
Fitting ......................................................................................................................................................
Fitting ......................................................................................................................................................
Fitting ......................................................................................................................................................
Fitting ......................................................................................................................................................
Fitting ......................................................................................................................................................
Fitting ......................................................................................................................................................
Fitting ......................................................................................................................................................
Fitting ......................................................................................................................................................
Fitting ......................................................................................................................................................
Fitting ......................................................................................................................................................
Fitting ......................................................................................................................................................
Predicting ...
Predicting ...
Predicting ...
Predicting ...
Predicting ...
Predicting ...
Predicting ...
Predicting ...
Predicting ...
Predicting ...
Predicting ...
Predicting ...
Predicting ...
Predicting ...
Predicting ...
Predicting ...
Predicting ...
Predicting ...
Predicting ...
Predicting ...
Predicting ...
Predicting ...
Predicting ...
Predicting ...
Predicting ...
Predicting ...
Predicting ...
Predicting ...
Predicting ...
Predicting ...
Predicting ...
Predicting ...
Predicting ...
Predicting ...
Predicting ...
Predicting ...
Predicting ...
Predicting ...
Predicting ...
Predicting ...
[{'max_features': 0.5, 'max_samples': 0.2, 'varform': 'ltfim', 'layers': 10, 'bagging_mse': 0.26150320028820273, 'bagging_estimators_mse': [0.36445419327120077, 0.35604069138235955, 0.2916189674415237, 0.3476056129655106, 0.36325635604275985, 0.17006572665074665, 0.33602562652076257, 0.15397982761623139, 0.30611096458984627, 0.2935267916804284, 0.36781391003461084, 0.35421885921880225, 0.393115227518086, 0.41500272812214023, 0.23820160534847865, 0.37772838995845975, 0.35249564147354007, 0.3484263750862344, 0.28098129692504487, 0.36859258851952814], 'bagging_estimators_params': [[-0.7265754342079163, -0.9587454199790955, 0.3351174294948578, -1.5676392316818237, 0.6944910883903503, 0.638444185256958, -1.406290888786316, 1.453111171722412, 0.9601248502731323, 1.6984049081802368, -1.6061546802520752, 1.2055808305740356, -0.6432794332504272, -0.4928550720214844, 0.5480188131332397, -2.252344846725464, -1.586754560470581, 0.1958693265914917, -0.30569523572921753, 0.47054314613342285, -1.4029501676559448, 0.16410154104232788, 1.2661410570144653, 1.186478853225708, -0.3347736895084381, 2.5620782375335693, -0.937644362449646, -0.11968565732240677, 1.093974232673645, 1.913756012916565], [-1.1530460119247437, 0.02697325125336647, 0.11644302308559418, -0.6886083483695984, 0.2569107413291931, 0.5033555030822754, -2.379462242126465, 1.8112432956695557, 0.4130708873271942, 2.118393659591675, -1.127602219581604, 1.349243402481079, -0.6219065189361572, -0.24681535363197327, -0.06709149479866028, -2.366614818572998, -1.4211217164993286, 0.5139268040657043, -0.4676218032836914, 0.6337816119194031, -1.30746328830719, 0.12593935430049896, 0.24233601987361908, 0.5520676970481873, -0.43386322259902954, 2.5775043964385986, -0.9598955512046814, -0.6728891730308533, 1.4587925672531128, 1.7932029962539673], [-0.9577346444129944, -0.4602210819721222, 0.7004357576370239, -1.5089011192321777, 1.403162956237793, 0.5899428129196167, -2.008509635925293, 1.3326022624969482, 1.1583071947097778, 1.8431341648101807, -1.457716464996338, 1.271234154701233, -0.7779910564422607, -0.6894514560699463, 0.01073357742279768, -2.9851107597351074, -1.4910069704055786, 0.3812963664531708, -0.46832138299942017, 0.6443027257919312, -1.327709674835205, 0.17364472150802612, 1.0148403644561768, 0.9699702858924866, -0.5098077654838562, 2.533719778060913, -1.3375128507614136, -0.42620593309402466, 1.2635663747787476, 0.7989804148674011], [-1.2561486959457397, -0.5769850015640259, -0.6917223334312439, -1.5545700788497925, 0.8503995537757874, 0.42187049984931946, -1.9949061870574951, 1.6262058019638062, 0.8376058340072632, 1.7037094831466675, -1.0679413080215454, 1.3821872472763062, -0.6877898573875427, -0.7071371078491211, -0.4338250160217285, -2.2010419368743896, -1.5788538455963135, 0.4248049855232239, -0.7566353678703308, 0.6585518717765808, -1.3002870082855225, -0.053344592452049255, 1.5311152935028076, 0.8808704018592834, -0.7466623783111572, 2.704299211502075, -1.2363169193267822, -0.9527692794799805, 1.2492085695266724, 2.3196964263916016], [-0.9394258856773376, -0.652084469795227, -0.2533028721809387, -1.3805886507034302, 0.8252688050270081, 0.6375114321708679, -1.7388863563537598, 2.1373016834259033, 0.7210376262664795, 1.8118388652801514, -1.3616701364517212, 1.419020175933838, -0.7117016315460205, -0.8333835005760193, 0.3719494342803955, -1.962502360343933, -1.6444560289382935, 0.32606643438339233, -1.0742769241333008, 0.31637415289878845, -1.3223168849945068, -0.5950880646705627, 1.4660733938217163, 1.0578713417053223, -0.6422962546348572, 2.6027584075927734, -1.431216835975647, -1.0420503616333008, 1.1273928880691528, 1.544034719467163], [-0.8457749485969543, -0.4322158098220825, 0.8416872620582581, -1.1528337001800537, 1.5806472301483154, 0.6251735091209412, -2.1427483558654785, 1.2281265258789062, 1.0652291774749756, 1.8627246618270874, -1.3153939247131348, 1.2413227558135986, -0.8039472103118896, -0.5605907440185547, -0.0508701428771019, -3.06616473197937, -1.489575982093811, 0.48896723985671997, -0.8042871356010437, 0.6192147135734558, -1.2748849391937256, -0.20010139048099518, 0.4961964786052704, 0.8871037364006042, -0.5459885597229004, 2.467992067337036, -1.3377876281738281, -0.7313424348831177, 1.3892076015472412, 1.3003631830215454], [-0.47433018684387207, -0.5956722497940063, 0.6733441948890686, -1.3268206119537354, 1.2835538387298584, 0.7156896591186523, -1.577332854270935, 1.0666691064834595, 0.8556692600250244, 0.6658169627189636, -1.3125282526016235, 1.355528712272644, -0.4957767426967621, -1.2116687297821045, -0.5282650589942932, -2.062412977218628, -1.628672480583191, 0.35151004791259766, 0.002001611515879631, 0.2827877104282379, -1.3914718627929688, -0.1148478090763092, 0.9328485727310181, 1.3619166612625122, -0.6177250146865845, 2.430967330932617, -1.8633935451507568, -0.037552181631326675, 1.0578632354736328, 1.2858257293701172], [0.004466988146305084, -0.4883883595466614, 0.3448721766471863, -0.6506680250167847, -0.10419619083404541, 0.8780595064163208, -1.8991848230361938, 1.2267628908157349, 0.6253668665885925, 2.3839573860168457, -1.4374842643737793, 0.9379210472106934, -0.5749348402023315, -0.2067585587501526, -0.29796653985977173, -2.3456368446350098, -1.6287330389022827, 0.5704941749572754, -0.6594918966293335, 0.6809136271476746, -1.355317234992981, 0.3295813202857971, 0.07117164134979248, 0.6916094422340393, 0.08964967727661133, 2.416163444519043, -1.1532853841781616, -0.12744250893592834, 1.5894643068313599, 1.0663379430770874], [-0.6791122555732727, -0.3454113304615021, 0.03217029571533203, -1.1379789113998413, 0.6274861693382263, 0.466475248336792, -1.8250924348831177, 1.669029712677002, 1.4397072792053223, 2.5889577865600586, -1.1306308507919312, 1.511997103691101, -0.46267494559288025, -1.2203627824783325, -0.19259345531463623, -2.4064126014709473, -1.4491050243377686, 0.690139651298523, -0.1602533757686615, 0.557533860206604, -1.086732268333435, -0.030789384618401527, 0.8641228079795837, 0.6977266669273376, -0.6985459327697754, 2.559256076812744, -1.5184508562088013, -0.9361101984977722, 1.3508760929107666, 0.5703604817390442], [-1.8567222356796265, -0.44022196531295776, 0.935283899307251, -0.7912356853485107, -0.26212403178215027, 1.2492554187774658, -2.09648060798645, 1.8340563774108887, 0.5422342419624329, 2.2386856079101562, -1.3992985486984253, 1.354250431060791, -1.0436657667160034, 0.03247617557644844, 0.1746176779270172, -2.828279495239258, -1.794472098350525, 0.36001741886138916, -1.1146330833435059, 0.5858747959136963, -1.5953880548477173, 0.21610631048679352, 0.27390924096107483, 0.6052027344703674, -0.41911593079566956, 2.1859042644500732, -1.0404518842697144, -0.8811412453651428, 1.428623080253601, 1.0763496160507202], [-0.05968092009425163, -1.0618213415145874, 0.6706408858299255, -0.6582657098770142, 1.4739978313446045, 1.0824687480926514, -1.9334336519241333, 1.1369378566741943, 0.9421660304069519, 2.34204363822937, -1.5960952043533325, 0.915970504283905, -0.8836307525634766, -1.1095306873321533, -0.048270948231220245, -1.5341744422912598, -1.815473198890686, 0.24587200582027435, -0.5941828489303589, 0.2880900502204895, -1.6727309226989746, -0.09577301889657974, 0.25993072986602783, 0.9118121266365051, -0.15608897805213928, 2.2183306217193604, -1.4373503923416138, -0.9056230783462524, 1.3414995670318604, 2.02596116065979], [-0.9301310181617737, -0.12321499735116959, 0.34478238224983215, -1.5877329111099243, 1.489452600479126, 0.5363231897354126, -2.1734261512756348, 1.4092206954956055, 0.9663732647895813, 2.4247500896453857, -1.6240100860595703, 1.313124418258667, -0.1884479820728302, -1.4037957191467285, -0.8323579430580139, -1.7566272020339966, -1.3331799507141113, 0.7858273386955261, -0.19534644484519958, 0.7428982257843018, -1.2800989151000977, 0.006473882589489222, 0.7878350615501404, 0.5990678668022156, -0.590724766254425, 2.772212505340576, -1.084865927696228, -1.2190148830413818, 1.7362453937530518, 0.8317821621894836], [-0.09742340445518494, -0.340839147567749, 0.20315472781658173, -1.035547137260437, 1.0258378982543945, 0.34879055619239807, -1.6865226030349731, 1.5713350772857666, 0.4751588702201843, 1.6052149534225464, -1.239460825920105, 1.5794169902801514, -0.1849857121706009, -0.7354800701141357, 0.29046082496643066, -1.6184587478637695, -1.2499140501022339, 0.1807992160320282, -0.1363789290189743, 0.7457353472709656, -1.53908109664917, 0.40309208631515503, 1.0904597043991089, 0.5216227769851685, -0.12097609788179398, 2.557182550430298, -1.2679624557495117, -0.050030991435050964, 1.4571757316589355, 1.9321378469467163], [0.029438834637403488, -1.2678489685058594, 0.09660989791154861, -1.0978693962097168, 1.3713569641113281, 0.8431546092033386, -1.8532593250274658, 1.3753379583358765, 0.6042676568031311, 2.4305214881896973, -1.4467439651489258, 0.3496168255805969, -0.671630859375, -0.5808058977127075, 0.675177276134491, -1.8967279195785522, -1.1502487659454346, 0.7574377655982971, 0.056429993361234665, 0.6313661336898804, -0.7759042382240295, 0.36219820380210876, 1.1620885133743286, 0.8137697577476501, -0.4981229603290558, 3.094576835632324, -1.4846019744873047, -0.5547406077384949, 1.4670841693878174, 1.0588775873184204], [-1.4438045024871826, -0.12412129342556, 1.0633039474487305, -1.4393523931503296, 1.2667133808135986, 0.7938079237937927, -2.7902591228485107, 1.1609766483306885, 0.7857686877250671, 1.8901944160461426, -1.407481074333191, 1.128045678138733, -0.8244679570198059, -0.6686350107192993, -0.5777534246444702, -1.9159811735153198, -1.7272602319717407, 0.2794087529182434, -0.7867902517318726, 0.47374439239501953, -1.4805033206939697, 0.04118937999010086, 0.8634907007217407, 0.9312033653259277, -0.5198910236358643, 2.42525315284729, -1.3619192838668823, -0.2609791159629822, 1.3380308151245117, 1.5573151111602783], [-0.7755875587463379, -0.6772615909576416, 0.5635491609573364, -1.4685230255126953, 1.7144209146499634, 0.5880786776542664, -1.9819532632827759, 1.3219856023788452, 0.9720416069030762, 1.964156150817871, -1.3475743532180786, 1.1539950370788574, -1.0156766176223755, -0.2887776792049408, -0.35840100049972534, -3.3778016567230225, -1.622214674949646, 0.271728515625, -0.5324097275733948, 0.6155630350112915, -1.4437063932418823, 0.20105983316898346, 1.1349565982818604, 0.8058347105979919, -0.32838818430900574, 2.446462392807007, -1.0528559684753418, -0.12551799416542053, 1.3348909616470337, 1.8157016038894653], [0.08622681349515915, -0.4347514808177948, 0.5314327478408813, -0.7604434490203857, 1.1373075246810913, 0.8798351883888245, -1.7686477899551392, 1.0568393468856812, 0.31575271487236023, 2.2948098182678223, -1.3791018724441528, 0.9827336668968201, -0.6187582612037659, -0.17864163219928741, -0.3538239598274231, -2.338285446166992, -1.9835319519042969, 0.4923943281173706, -0.7281789779663086, 0.42910170555114746, -1.3915598392486572, -0.10632868856191635, 0.35487547516822815, 0.9087330102920532, 0.0665975883603096, 2.248760223388672, -1.2359246015548706, -0.4943387508392334, 1.3622993230819702, 1.8789407014846802], [-0.7821070551872253, 0.11283949762582779, -0.12265457212924957, -0.41902267932891846, 1.1280235052108765, 0.5734786987304688, -2.978675127029419, 0.7904301285743713, 0.882488489151001, 1.911906123161316, -1.1885303258895874, 1.0169786214828491, -0.5519189834594727, -0.8143720626831055, -0.5872208476066589, -1.6698845624923706, -1.4614816904067993, 0.46088510751724243, -0.704731285572052, 0.6869581341743469, -1.4959858655929565, 0.15331026911735535, 0.46203652024269104, 0.49026891589164734, -0.17978860437870026, 2.5138638019561768, -1.274368166923523, -0.32022279500961304, 1.817273497581482, 1.1043157577514648], [-0.5558547377586365, -0.20638591051101685, 0.3654417395591736, -1.071946382522583, 0.9224346280097961, 1.0097509622573853, -2.5874791145324707, 1.110860824584961, 0.2365078181028366, 2.2263693809509277, -1.3392014503479004, 0.7672590017318726, -1.1830816268920898, -0.4476184844970703, -0.9800853729248047, -2.8007140159606934, -1.7887794971466064, 0.45500853657722473, -0.9767327904701233, 0.4818686842918396, -1.4560887813568115, -0.26415780186653137, 0.2919732630252838, 0.7721841931343079, -0.38716229796409607, 2.252781629562378, -1.1090724468231201, -0.2816145420074463, 1.3586654663085938, 1.4694666862487793], [-1.6712013483047485, -0.46800148487091064, 0.9328439235687256, -0.9542752504348755, 0.39345455169677734, 1.0378228425979614, -2.1513776779174805, 1.4209939241409302, 0.6724637150764465, 2.297457456588745, -1.497692346572876, 1.1336109638214111, -0.6913346648216248, -0.31804773211479187, -0.15186582505702972, -2.2266647815704346, -1.697936773300171, 0.3962828516960144, -1.0183571577072144, 0.6263965368270874, -1.4248526096343994, -0.1114477813243866, 0.5528684258460999, 0.7552129030227661, -0.28303858637809753, 2.5549635887145996, -1.2235006093978882, -1.092570185661316, 1.4799847602844238, 2.2154321670532227]]}]
